2022-11-22 17:45:34.447 +05:30  DBG  Initializing Razor view compiler with compiled view: '/Views/Home/Index.cshtml'.
2022-11-22 17:45:34.496 +05:30  DBG  Initializing Razor view compiler with compiled view: '/Views/Home/Privacy.cshtml'.
2022-11-22 17:45:34.497 +05:30  DBG  Initializing Razor view compiler with compiled view: '/Views/Restaurant/AddFoodItem.cshtml'.
2022-11-22 17:45:34.497 +05:30  DBG  Initializing Razor view compiler with compiled view: '/Views/Restaurant/CreateAccount.cshtml'.
2022-11-22 17:45:34.497 +05:30  DBG  Initializing Razor view compiler with compiled view: '/Views/Restaurant/DisplayOrders.cshtml'.
2022-11-22 17:45:34.502 +05:30  DBG  Initializing Razor view compiler with compiled view: '/Views/Restaurant/Logged.cshtml'.
2022-11-22 17:45:34.502 +05:30  DBG  Initializing Razor view compiler with compiled view: '/Views/Restaurant/Login.cshtml'.
2022-11-22 17:45:34.502 +05:30  DBG  Initializing Razor view compiler with compiled view: '/Views/Shared/Error.cshtml'.
2022-11-22 17:45:34.502 +05:30  DBG  Initializing Razor view compiler with compiled view: '/Views/Shared/_ValidationScriptsPartial.cshtml'.
2022-11-22 17:45:34.502 +05:30  DBG  Initializing Razor view compiler with compiled view: '/Views/_ViewImports.cshtml'.
2022-11-22 17:45:34.502 +05:30  DBG  Initializing Razor view compiler with compiled view: '/Views/_ViewStart.cshtml'.
2022-11-22 17:45:34.502 +05:30  DBG  Initializing Razor view compiler with compiled view: '/Views/Shared/_Layout.cshtml'.
2022-11-22 17:45:34.510 +05:30  DBG  Registered model binder providers, in the following order: ["Microsoft.AspNetCore.Mvc.ModelBinding.Binders.BinderTypeModelBinderProvider","Microsoft.AspNetCore.Mvc.ModelBinding.Binders.ServicesModelBinderProvider","Microsoft.AspNetCore.Mvc.ModelBinding.Binders.BodyModelBinderProvider","Microsoft.AspNetCore.Mvc.ModelBinding.Binders.HeaderModelBinderProvider","Microsoft.AspNetCore.Mvc.ModelBinding.Binders.FloatingPointTypeModelBinderProvider","Microsoft.AspNetCore.Mvc.ModelBinding.Binders.EnumTypeModelBinderProvider","Microsoft.AspNetCore.Mvc.ModelBinding.Binders.DateTimeModelBinderProvider","Microsoft.AspNetCore.Mvc.ModelBinding.Binders.SimpleTypeModelBinderProvider","Microsoft.AspNetCore.Mvc.ModelBinding.Binders.CancellationTokenModelBinderProvider","Microsoft.AspNetCore.Mvc.ModelBinding.Binders.ByteArrayModelBinderProvider","Microsoft.AspNetCore.Mvc.ModelBinding.Binders.FormFileModelBinderProvider","Microsoft.AspNetCore.Mvc.ModelBinding.Binders.FormCollectionModelBinderProvider","Microsoft.AspNetCore.Mvc.ModelBinding.Binders.KeyValuePairModelBinderProvider","Microsoft.AspNetCore.Mvc.ModelBinding.Binders.DictionaryModelBinderProvider","Microsoft.AspNetCore.Mvc.ModelBinding.Binders.ArrayModelBinderProvider","Microsoft.AspNetCore.Mvc.ModelBinding.Binders.CollectionModelBinderProvider","Microsoft.AspNetCore.Mvc.ModelBinding.Binders.ComplexObjectModelBinderProvider"]
2022-11-22 17:45:34.584 +05:30  DBG  Hosting starting
2022-11-22 17:45:34.710 +05:30  INF  User profile is available. Using 'C:\Users\raksha_ganyarpawar\AppData\Local\ASP.NET\DataProtection-Keys' as key repository and Windows DPAPI to encrypt keys at rest.
2022-11-22 17:45:34.715 +05:30  DBG  Reading data from file 'C:\Users\raksha_ganyarpawar\AppData\Local\ASP.NET\DataProtection-Keys\key-79ad8948-c6a7-4098-9250-f7b29548ac6d.xml'.
2022-11-22 17:45:34.720 +05:30  DBG  Reading data from file 'C:\Users\raksha_ganyarpawar\AppData\Local\ASP.NET\DataProtection-Keys\key-fcbc33c9-fbe1-4aff-8638-219c50a28b3b.xml'.
2022-11-22 17:45:34.728 +05:30  DBG  Found key {79ad8948-c6a7-4098-9250-f7b29548ac6d}.
2022-11-22 17:45:34.730 +05:30  DBG  Found key {fcbc33c9-fbe1-4aff-8638-219c50a28b3b}.
2022-11-22 17:45:34.736 +05:30  DBG  Considering key {79ad8948-c6a7-4098-9250-f7b29548ac6d} with expiration date 2023-01-30 18:09:53Z as default key.
2022-11-22 17:45:34.738 +05:30  DBG  Forwarded activator type request from Microsoft.AspNetCore.DataProtection.XmlEncryption.DpapiXmlDecryptor, Microsoft.AspNetCore.DataProtection, Version=6.0.0.0, Culture=neutral, PublicKeyToken=adb9793829ddae60 to Microsoft.AspNetCore.DataProtection.XmlEncryption.DpapiXmlDecryptor, Microsoft.AspNetCore.DataProtection, Culture=neutral, PublicKeyToken=adb9793829ddae60
2022-11-22 17:45:34.740 +05:30  DBG  Decrypting secret element using Windows DPAPI.
2022-11-22 17:45:34.742 +05:30  DBG  Forwarded activator type request from Microsoft.AspNetCore.DataProtection.AuthenticatedEncryption.ConfigurationModel.AuthenticatedEncryptorDescriptorDeserializer, Microsoft.AspNetCore.DataProtection, Version=6.0.0.0, Culture=neutral, PublicKeyToken=adb9793829ddae60 to Microsoft.AspNetCore.DataProtection.AuthenticatedEncryption.ConfigurationModel.AuthenticatedEncryptorDescriptorDeserializer, Microsoft.AspNetCore.DataProtection, Culture=neutral, PublicKeyToken=adb9793829ddae60
2022-11-22 17:45:34.745 +05:30  DBG  Opening CNG algorithm 'AES' from provider 'null' with chaining mode CBC.
2022-11-22 17:45:34.747 +05:30  DBG  Opening CNG algorithm 'SHA256' from provider 'null' with HMAC.
2022-11-22 17:45:34.749 +05:30  DBG  Using key {79ad8948-c6a7-4098-9250-f7b29548ac6d} as the default key.
2022-11-22 17:45:34.749 +05:30  DBG  Key ring with default key {79ad8948-c6a7-4098-9250-f7b29548ac6d} was loaded during application startup.
2022-11-22 17:45:34.991 +05:30  DBG  Using development certificate: CN=localhost (Thumbprint: 4C51C087C884AD5F8F0F2241CBD89F90FD775F40)
2022-11-22 17:45:35.108 +05:30  INF  Now listening on: https://localhost:7225
2022-11-22 17:45:35.108 +05:30  INF  Now listening on: http://localhost:5225
2022-11-22 17:45:35.109 +05:30  DBG  Loaded hosting startup assembly RestaurantSideApplication
2022-11-22 17:45:35.109 +05:30  DBG  Loaded hosting startup assembly Microsoft.AspNetCore.Watch.BrowserRefresh
2022-11-22 17:45:35.109 +05:30  DBG  Loaded hosting startup assembly Microsoft.WebTools.BrowserLink.Net
2022-11-22 17:45:35.109 +05:30  INF  Application started. Press Ctrl+C to shut down.
2022-11-22 17:45:35.109 +05:30  INF  Hosting environment: Development
2022-11-22 17:45:35.109 +05:30  INF  Content root path: C:\Users\raksha_ganyarpawar\source\repos\RestaurantSideApplication\RestaurantSideApplication\
2022-11-22 17:45:35.109 +05:30  DBG  Hosting started
2022-11-22 17:45:35.410 +05:30  DBG  Connection id "0HMMCGD179PB8" accepted.
2022-11-22 17:45:35.411 +05:30  DBG  Connection id "0HMMCGD179PB8" started.
2022-11-22 17:45:35.411 +05:30  DBG  Connection id "0HMMCGD179PB9" accepted.
2022-11-22 17:45:35.411 +05:30  DBG  Connection id "0HMMCGD179PB9" started.
2022-11-22 17:45:35.445 +05:30  DBG  Connection id "0HMMCGD179PB9" received FIN.
2022-11-22 17:45:35.445 +05:30  DBG  Connection id "0HMMCGD179PB8" received FIN.
2022-11-22 17:45:35.449 +05:30  DBG  Failed to authenticate HTTPS connection.System.IO.IOException:  Received an unexpected EOF or 0 bytes from the transport stream.
   at System.Net.Security.SslStream.<FillHandshakeBufferAsync>g__InternalFillHandshakeBufferAsync|189_0[TIOAdapter](TIOAdapter adap, ValueTask`1 task, Int32 minSize)
   at System.Net.Security.SslStream.ReceiveBlobAsync[TIOAdapter](TIOAdapter adapter)
   at System.Net.Security.SslStream.ForceAuthenticationAsync[TIOAdapter](TIOAdapter adapter, Boolean receiveFirst, Byte[] reAuthenticationData, Boolean isApm)
   at Microsoft.AspNetCore.Server.Kestrel.Https.Internal.HttpsConnectionMiddleware.OnConnectionAsync(ConnectionContext context)

2022-11-22 17:45:35.449 +05:30  DBG  Failed to authenticate HTTPS connection.System.IO.IOException:  Received an unexpected EOF or 0 bytes from the transport stream.
   at System.Net.Security.SslStream.<FillHandshakeBufferAsync>g__InternalFillHandshakeBufferAsync|189_0[TIOAdapter](TIOAdapter adap, ValueTask`1 task, Int32 minSize)
   at System.Net.Security.SslStream.ReceiveBlobAsync[TIOAdapter](TIOAdapter adapter)
   at System.Net.Security.SslStream.ForceAuthenticationAsync[TIOAdapter](TIOAdapter adapter, Boolean receiveFirst, Byte[] reAuthenticationData, Boolean isApm)
   at Microsoft.AspNetCore.Server.Kestrel.Https.Internal.HttpsConnectionMiddleware.OnConnectionAsync(ConnectionContext context)

2022-11-22 17:45:35.534 +05:30  DBG  Connection id "0HMMCGD179PB9" stopped.
2022-11-22 17:45:35.534 +05:30  DBG  Connection id "0HMMCGD179PB8" stopped.
2022-11-22 17:45:35.535 +05:30  DBG  Connection id "0HMMCGD179PB9" sending FIN because: "The Socket transport's send loop completed gracefully."
2022-11-22 17:45:35.535 +05:30  DBG  Connection id "0HMMCGD179PB8" sending FIN because: "The Socket transport's send loop completed gracefully."
2022-11-22 17:45:36.921 +05:30  DBG  Connection id "0HMMCGD179PBA" accepted.
2022-11-22 17:45:36.923 +05:30  DBG  Connection id "0HMMCGD179PBA" started.
2022-11-22 17:45:36.995 +05:30  DBG  Connection 0HMMCGD179PBA established using the following protocol: "Tls13"
2022-11-22 17:45:37.046 +05:30  INF  Request starting HTTP/2 GET https://localhost:7225/ - -
2022-11-22 17:45:37.085 +05:30  DBG  Wildcard detected, all requests with hosts will be allowed.
2022-11-22 17:45:37.086 +05:30  DBG  The request path / does not match a supported file type
2022-11-22 17:45:37.115 +05:30  DBG  1 candidate(s) found for the request path '/'
2022-11-22 17:45:37.123 +05:30  DBG  Endpoint 'RestaurantSideApplication.Controllers.HomeController.Index (RestaurantSideApplication)' with route pattern '{controller=Home}/{action=Index}/{id?}' is valid for the request path '/'
2022-11-22 17:45:37.124 +05:30  DBG  Request matched endpoint 'RestaurantSideApplication.Controllers.HomeController.Index (RestaurantSideApplication)'
2022-11-22 17:45:37.129 +05:30  WRN  Error unprotecting the session cookie.System.Security.Cryptography.CryptographicException: The payload was invalid. For more information go to http://aka.ms/dataprotectionwarning
   at Microsoft.AspNetCore.DataProtection.Cng.CbcAuthenticatedEncryptor.DecryptImpl(Byte* pbCiphertext, UInt32 cbCiphertext, Byte* pbAdditionalAuthenticatedData, UInt32 cbAdditionalAuthenticatedData)
   at Microsoft.AspNetCore.DataProtection.Cng.Internal.CngAuthenticatedEncryptorBase.Decrypt(ArraySegment`1 ciphertext, ArraySegment`1 additionalAuthenticatedData)
   at Microsoft.AspNetCore.DataProtection.KeyManagement.KeyRingBasedDataProtector.UnprotectCore(Byte[] protectedData, Boolean allowOperationsOnRevokedKeys, UnprotectStatus& status)
   at Microsoft.AspNetCore.DataProtection.KeyManagement.KeyRingBasedDataProtector.Unprotect(Byte[] protectedData)
   at Microsoft.AspNetCore.Session.CookieProtection.Unprotect(IDataProtector protector, String protectedText, ILogger logger)

2022-11-22 17:45:37.159 +05:30  INF  Executing endpoint 'RestaurantSideApplication.Controllers.HomeController.Index (RestaurantSideApplication)'
2022-11-22 17:45:37.191 +05:30  INF  Route matched with {action = "Index", controller = "Home"}. Executing controller action with signature Microsoft.AspNetCore.Mvc.IActionResult Index() on controller RestaurantSideApplication.Controllers.HomeController (RestaurantSideApplication).
2022-11-22 17:45:37.192 +05:30  DBG  Execution plan of authorization filters (in the following order): ["None"]
2022-11-22 17:45:37.192 +05:30  DBG  Execution plan of resource filters (in the following order): ["Microsoft.AspNetCore.Mvc.ViewFeatures.Filters.SaveTempDataFilter"]
2022-11-22 17:45:37.193 +05:30  DBG  Execution plan of action filters (in the following order): ["Microsoft.AspNetCore.Mvc.Filters.ControllerActionFilter (Order: -2147483648)","Microsoft.AspNetCore.Mvc.ModelBinding.UnsupportedContentTypeFilter (Order: -3000)"]
2022-11-22 17:45:37.193 +05:30  DBG  Execution plan of exception filters (in the following order): ["None"]
2022-11-22 17:45:37.193 +05:30  DBG  Execution plan of result filters (in the following order): ["Microsoft.AspNetCore.Mvc.ViewFeatures.Filters.SaveTempDataFilter"]
2022-11-22 17:45:37.194 +05:30  DBG  Executing controller factory for controller RestaurantSideApplication.Controllers.HomeController (RestaurantSideApplication)
2022-11-22 17:45:37.195 +05:30  DBG  Executed controller factory for controller RestaurantSideApplication.Controllers.HomeController (RestaurantSideApplication)
2022-11-22 17:45:37.198 +05:30  DBG  View lookup cache miss for view 'Index' in controller 'Home'.
2022-11-22 17:45:37.203 +05:30  INF  Executing ViewResult, running view Index.
2022-11-22 17:45:37.212 +05:30  DBG  The view path '/Views/Home/Index.cshtml' was found in 6.2715ms.
2022-11-22 17:45:37.251 +05:30  DBG  View lookup cache miss for view '_Layout' in controller 'Home'.
2022-11-22 17:45:37.287 +05:30  DBG  Found the endpoints ["Route: {controller=Home}/{action=Index}/{id?}"] for address Microsoft.AspNetCore.Routing.RouteValuesAddress
2022-11-22 17:45:37.293 +05:30  DBG  Successfully processed template {controller=Home}/{action=Index}/{id?} for Route: {controller=Home}/{action=Index}/{id?} resulting in  and 
2022-11-22 17:45:37.293 +05:30  DBG  Link generation succeeded for endpoints ["Route: {controller=Home}/{action=Index}/{id?}"] with result /
2022-11-22 17:45:37.294 +05:30  DBG  Found the endpoints ["Route: {controller=Home}/{action=Index}/{id?}"] for address Microsoft.AspNetCore.Routing.RouteValuesAddress
2022-11-22 17:45:37.294 +05:30  DBG  Successfully processed template {controller=Home}/{action=Index}/{id?} for Route: {controller=Home}/{action=Index}/{id?} resulting in /Restaurant/Login and 
2022-11-22 17:45:37.294 +05:30  DBG  Link generation succeeded for endpoints ["Route: {controller=Home}/{action=Index}/{id?}"] with result /Restaurant/Login
2022-11-22 17:45:37.294 +05:30  DBG  Found the endpoints ["Route: {controller=Home}/{action=Index}/{id?}"] for address Microsoft.AspNetCore.Routing.RouteValuesAddress
2022-11-22 17:45:37.294 +05:30  DBG  Successfully processed template {controller=Home}/{action=Index}/{id?} for Route: {controller=Home}/{action=Index}/{id?} resulting in /Restaurant/CreateAccount and 
2022-11-22 17:45:37.295 +05:30  DBG  Link generation succeeded for endpoints ["Route: {controller=Home}/{action=Index}/{id?}"] with result /Restaurant/CreateAccount
2022-11-22 17:45:37.295 +05:30  DBG  Found the endpoints ["Route: {controller=Home}/{action=Index}/{id?}"] for address Microsoft.AspNetCore.Routing.RouteValuesAddress
2022-11-22 17:45:37.295 +05:30  DBG  Successfully processed template {controller=Home}/{action=Index}/{id?} for Route: {controller=Home}/{action=Index}/{id?} resulting in /Home/Privacy and 
2022-11-22 17:45:37.295 +05:30  DBG  Link generation succeeded for endpoints ["Route: {controller=Home}/{action=Index}/{id?}"] with result /Home/Privacy
2022-11-22 17:45:37.524 +05:30  INF  Executed ViewResult - view Index executed in 326.8462ms.
2022-11-22 17:45:37.526 +05:30  INF  Executed action RestaurantSideApplication.Controllers.HomeController.Index (RestaurantSideApplication) in 333.3701ms
2022-11-22 17:45:37.527 +05:30  INF  Executed endpoint 'RestaurantSideApplication.Controllers.HomeController.Index (RestaurantSideApplication)'
2022-11-22 17:45:37.531 +05:30  DBG  Response markup is scheduled to include browser refresh script injection.
2022-11-22 17:45:37.563 +05:30  DBG  Response markup was updated to include browser refresh script injection.
2022-11-22 17:45:37.566 +05:30  INF  Request finished HTTP/2 GET https://localhost:7225/ - - - 200 - text/html;+charset=utf-8 524.2294ms
2022-11-22 17:45:37.600 +05:30  INF  Request starting HTTP/2 GET https://localhost:7225/_vs/browserLink - -
2022-11-22 17:45:37.600 +05:30  INF  Request starting HTTP/2 GET https://localhost:7225/_framework/aspnetcore-browser-refresh.js - -
2022-11-22 17:45:37.605 +05:30  INF  Request finished HTTP/2 GET https://localhost:7225/_framework/aspnetcore-browser-refresh.js - - - 200 12020 application/javascript;+charset=utf-8 4.8930ms
2022-11-22 17:45:37.630 +05:30  INF  Request finished HTTP/2 GET https://localhost:7225/_vs/browserLink - - - 200 - text/javascript;+charset=UTF-8 30.6394ms
2022-11-22 17:45:39.601 +05:30  INF  Request starting HTTP/2 GET https://localhost:7225/Restaurant/Login - -
2022-11-22 17:45:39.601 +05:30  DBG  The request path /Restaurant/Login does not match a supported file type
2022-11-22 17:45:39.603 +05:30  DBG  1 candidate(s) found for the request path '/Restaurant/Login'
2022-11-22 17:45:39.603 +05:30  DBG  Endpoint 'RestaurantSideApplication.Controllers.RestaurantController.Login (RestaurantSideApplication)' with route pattern '{controller=Home}/{action=Index}/{id?}' is valid for the request path '/Restaurant/Login'
2022-11-22 17:45:39.603 +05:30  DBG  Request matched endpoint 'RestaurantSideApplication.Controllers.RestaurantController.Login (RestaurantSideApplication)'
2022-11-22 17:45:39.604 +05:30  WRN  Error unprotecting the session cookie.System.Security.Cryptography.CryptographicException: The payload was invalid. For more information go to http://aka.ms/dataprotectionwarning
   at Microsoft.AspNetCore.DataProtection.Cng.CbcAuthenticatedEncryptor.DecryptImpl(Byte* pbCiphertext, UInt32 cbCiphertext, Byte* pbAdditionalAuthenticatedData, UInt32 cbAdditionalAuthenticatedData)
   at Microsoft.AspNetCore.DataProtection.Cng.Internal.CngAuthenticatedEncryptorBase.Decrypt(ArraySegment`1 ciphertext, ArraySegment`1 additionalAuthenticatedData)
   at Microsoft.AspNetCore.DataProtection.KeyManagement.KeyRingBasedDataProtector.UnprotectCore(Byte[] protectedData, Boolean allowOperationsOnRevokedKeys, UnprotectStatus& status)
   at Microsoft.AspNetCore.DataProtection.KeyManagement.KeyRingBasedDataProtector.Unprotect(Byte[] protectedData)
   at Microsoft.AspNetCore.Session.CookieProtection.Unprotect(IDataProtector protector, String protectedText, ILogger logger)

2022-11-22 17:45:39.604 +05:30  INF  Executing endpoint 'RestaurantSideApplication.Controllers.RestaurantController.Login (RestaurantSideApplication)'
2022-11-22 17:45:39.606 +05:30  INF  Route matched with {action = "Login", controller = "Restaurant"}. Executing controller action with signature Microsoft.AspNetCore.Mvc.IActionResult Login() on controller RestaurantSideApplication.Controllers.RestaurantController (RestaurantSideApplication).
2022-11-22 17:45:39.606 +05:30  DBG  Execution plan of authorization filters (in the following order): ["None"]
2022-11-22 17:45:39.606 +05:30  DBG  Execution plan of resource filters (in the following order): ["Microsoft.AspNetCore.Mvc.ViewFeatures.Filters.SaveTempDataFilter"]
2022-11-22 17:45:39.606 +05:30  DBG  Execution plan of action filters (in the following order): ["Microsoft.AspNetCore.Mvc.Filters.ControllerActionFilter (Order: -2147483648)","Microsoft.AspNetCore.Mvc.ModelBinding.UnsupportedContentTypeFilter (Order: -3000)"]
2022-11-22 17:45:39.606 +05:30  DBG  Execution plan of exception filters (in the following order): ["None"]
2022-11-22 17:45:39.606 +05:30  DBG  Execution plan of result filters (in the following order): ["Microsoft.AspNetCore.Mvc.ViewFeatures.Filters.SaveTempDataFilter"]
2022-11-22 17:45:39.606 +05:30  DBG  Executing controller factory for controller RestaurantSideApplication.Controllers.RestaurantController (RestaurantSideApplication)
2022-11-22 17:45:39.978 +05:30  DBG  Executed controller factory for controller RestaurantSideApplication.Controllers.RestaurantController (RestaurantSideApplication)
2022-11-22 17:45:39.979 +05:30  INF  Login Triggered
2022-11-22 17:45:39.979 +05:30  DBG  View lookup cache miss for view 'Login' in controller 'Restaurant'.
2022-11-22 17:45:39.980 +05:30  INF  Executing ViewResult, running view Login.
2022-11-22 17:45:39.980 +05:30  DBG  The view path '/Views/Restaurant/Login.cshtml' was found in 0.8821ms.
2022-11-22 17:45:39.986 +05:30  DBG  An antiforgery cookie token was reused.
2022-11-22 17:45:40.067 +05:30  DBG  View lookup cache miss for view '_Layout' in controller 'Restaurant'.
2022-11-22 17:45:40.068 +05:30  DBG  Found the endpoints ["Route: {controller=Home}/{action=Index}/{id?}"] for address Microsoft.AspNetCore.Routing.RouteValuesAddress
2022-11-22 17:45:40.068 +05:30  DBG  Successfully processed template {controller=Home}/{action=Index}/{id?} for Route: {controller=Home}/{action=Index}/{id?} resulting in  and 
2022-11-22 17:45:40.068 +05:30  DBG  Link generation succeeded for endpoints ["Route: {controller=Home}/{action=Index}/{id?}"] with result /
2022-11-22 17:45:40.068 +05:30  DBG  Found the endpoints ["Route: {controller=Home}/{action=Index}/{id?}"] for address Microsoft.AspNetCore.Routing.RouteValuesAddress
2022-11-22 17:45:40.068 +05:30  DBG  Successfully processed template {controller=Home}/{action=Index}/{id?} for Route: {controller=Home}/{action=Index}/{id?} resulting in /Restaurant/Login and 
2022-11-22 17:45:40.068 +05:30  DBG  Link generation succeeded for endpoints ["Route: {controller=Home}/{action=Index}/{id?}"] with result /Restaurant/Login
2022-11-22 17:45:40.068 +05:30  DBG  Found the endpoints ["Route: {controller=Home}/{action=Index}/{id?}"] for address Microsoft.AspNetCore.Routing.RouteValuesAddress
2022-11-22 17:45:40.068 +05:30  DBG  Successfully processed template {controller=Home}/{action=Index}/{id?} for Route: {controller=Home}/{action=Index}/{id?} resulting in /Restaurant/CreateAccount and 
2022-11-22 17:45:40.068 +05:30  DBG  Link generation succeeded for endpoints ["Route: {controller=Home}/{action=Index}/{id?}"] with result /Restaurant/CreateAccount
2022-11-22 17:45:40.068 +05:30  DBG  Found the endpoints ["Route: {controller=Home}/{action=Index}/{id?}"] for address Microsoft.AspNetCore.Routing.RouteValuesAddress
2022-11-22 17:45:40.068 +05:30  DBG  Successfully processed template {controller=Home}/{action=Index}/{id?} for Route: {controller=Home}/{action=Index}/{id?} resulting in /Home/Privacy and 
2022-11-22 17:45:40.068 +05:30  DBG  Link generation succeeded for endpoints ["Route: {controller=Home}/{action=Index}/{id?}"] with result /Home/Privacy
2022-11-22 17:45:40.073 +05:30  INF  Executed ViewResult - view Login executed in 94.4755ms.
2022-11-22 17:45:40.073 +05:30  INF  Executed action RestaurantSideApplication.Controllers.RestaurantController.Login (RestaurantSideApplication) in 467.1837ms
2022-11-22 17:45:40.073 +05:30  INF  Executed endpoint 'RestaurantSideApplication.Controllers.RestaurantController.Login (RestaurantSideApplication)'
2022-11-22 17:45:40.074 +05:30  DBG  Response markup is scheduled to include browser refresh script injection.
2022-11-22 17:45:40.075 +05:30  DBG  Response markup was updated to include browser refresh script injection.
2022-11-22 17:45:40.075 +05:30  INF  Request finished HTTP/2 GET https://localhost:7225/Restaurant/Login - - - 200 - text/html;+charset=utf-8 474.6610ms
2022-11-22 17:45:40.105 +05:30  INF  Request starting HTTP/2 GET https://localhost:7225/_vs/browserLink - -
2022-11-22 17:45:40.109 +05:30  INF  Request starting HTTP/2 GET https://localhost:7225/_framework/aspnetcore-browser-refresh.js - -
2022-11-22 17:45:40.110 +05:30  INF  Request finished HTTP/2 GET https://localhost:7225/_framework/aspnetcore-browser-refresh.js - - - 200 12020 application/javascript;+charset=utf-8 0.3948ms
2022-11-22 17:45:40.114 +05:30  INF  Request finished HTTP/2 GET https://localhost:7225/_vs/browserLink - - - 200 - text/javascript;+charset=UTF-8 8.9684ms
2022-11-22 17:45:48.318 +05:30  INF  Request starting HTTP/2 POST https://localhost:7225/Restaurant/Login application/x-www-form-urlencoded 240
2022-11-22 17:45:48.318 +05:30  DBG  POST requests are not supported
2022-11-22 17:45:48.321 +05:30  DBG  2 candidate(s) found for the request path '/Restaurant/Login'
2022-11-22 17:45:48.321 +05:30  DBG  Endpoint 'RestaurantSideApplication.Controllers.RestaurantController.Login (RestaurantSideApplication)' with route pattern '{controller=Home}/{action=Index}/{id?}' is valid for the request path '/Restaurant/Login'
2022-11-22 17:45:48.321 +05:30  DBG  Endpoint 'RestaurantSideApplication.Controllers.RestaurantController.Login (RestaurantSideApplication)' with route pattern '{controller=Home}/{action=Index}/{id?}' is valid for the request path '/Restaurant/Login'
2022-11-22 17:45:48.321 +05:30  DBG  Request matched endpoint 'RestaurantSideApplication.Controllers.RestaurantController.Login (RestaurantSideApplication)'
2022-11-22 17:45:48.322 +05:30  WRN  Error unprotecting the session cookie.System.Security.Cryptography.CryptographicException: The payload was invalid. For more information go to http://aka.ms/dataprotectionwarning
   at Microsoft.AspNetCore.DataProtection.Cng.CbcAuthenticatedEncryptor.DecryptImpl(Byte* pbCiphertext, UInt32 cbCiphertext, Byte* pbAdditionalAuthenticatedData, UInt32 cbAdditionalAuthenticatedData)
   at Microsoft.AspNetCore.DataProtection.Cng.Internal.CngAuthenticatedEncryptorBase.Decrypt(ArraySegment`1 ciphertext, ArraySegment`1 additionalAuthenticatedData)
   at Microsoft.AspNetCore.DataProtection.KeyManagement.KeyRingBasedDataProtector.UnprotectCore(Byte[] protectedData, Boolean allowOperationsOnRevokedKeys, UnprotectStatus& status)
   at Microsoft.AspNetCore.DataProtection.KeyManagement.KeyRingBasedDataProtector.Unprotect(Byte[] protectedData)
   at Microsoft.AspNetCore.Session.CookieProtection.Unprotect(IDataProtector protector, String protectedText, ILogger logger)

2022-11-22 17:45:48.322 +05:30  INF  Executing endpoint 'RestaurantSideApplication.Controllers.RestaurantController.Login (RestaurantSideApplication)'
2022-11-22 17:45:48.334 +05:30  INF  Route matched with {action = "Login", controller = "Restaurant"}. Executing controller action with signature Microsoft.AspNetCore.Mvc.IActionResult Login(RestaurantSideApplication.Models.LoginDetails) on controller RestaurantSideApplication.Controllers.RestaurantController (RestaurantSideApplication).
2022-11-22 17:45:48.335 +05:30  DBG  Execution plan of authorization filters (in the following order): ["None"]
2022-11-22 17:45:48.335 +05:30  DBG  Execution plan of resource filters (in the following order): ["Microsoft.AspNetCore.Mvc.ViewFeatures.Filters.SaveTempDataFilter"]
2022-11-22 17:45:48.335 +05:30  DBG  Execution plan of action filters (in the following order): ["Microsoft.AspNetCore.Mvc.Filters.ControllerActionFilter (Order: -2147483648)","Microsoft.AspNetCore.Mvc.ModelBinding.UnsupportedContentTypeFilter (Order: -3000)"]
2022-11-22 17:45:48.335 +05:30  DBG  Execution plan of exception filters (in the following order): ["None"]
2022-11-22 17:45:48.335 +05:30  DBG  Execution plan of result filters (in the following order): ["Microsoft.AspNetCore.Mvc.ViewFeatures.Filters.SaveTempDataFilter"]
2022-11-22 17:45:48.335 +05:30  DBG  Executing controller factory for controller RestaurantSideApplication.Controllers.RestaurantController (RestaurantSideApplication)
2022-11-22 17:45:48.340 +05:30  DBG  Executed controller factory for controller RestaurantSideApplication.Controllers.RestaurantController (RestaurantSideApplication)
2022-11-22 17:45:48.343 +05:30  DBG  Connection id "0HMMCGD179PBA", Request id "0HMMCGD179PBA:0000000D": started reading request body.
2022-11-22 17:45:48.343 +05:30  DBG  Connection id "0HMMCGD179PBA", Request id "0HMMCGD179PBA:0000000D": done reading request body.
2022-11-22 17:45:48.346 +05:30  DBG  Attempting to bind parameter 'login' of type 'RestaurantSideApplication.Models.LoginDetails' ...
2022-11-22 17:45:48.348 +05:30  DBG  Attempting to bind parameter 'login' of type 'RestaurantSideApplication.Models.LoginDetails' using the name '' in request data ...
2022-11-22 17:45:48.351 +05:30  DBG  Attempting to bind property 'RestaurantSideApplication.Models.LoginDetails.RestaurantName' of type 'System.String' using the name 'RestaurantName' in request data ...
2022-11-22 17:45:48.352 +05:30  DBG  Done attempting to bind property 'RestaurantSideApplication.Models.LoginDetails.RestaurantName' of type 'System.String'.
2022-11-22 17:45:48.353 +05:30  DBG  Attempting to bind property 'RestaurantSideApplication.Models.LoginDetails.UserName' of type 'System.String' using the name 'UserName' in request data ...
2022-11-22 17:45:48.354 +05:30  DBG  Done attempting to bind property 'RestaurantSideApplication.Models.LoginDetails.UserName' of type 'System.String'.
2022-11-22 17:45:48.354 +05:30  DBG  Attempting to bind property 'RestaurantSideApplication.Models.LoginDetails.Password' of type 'System.String' using the name 'Password' in request data ...
2022-11-22 17:45:48.354 +05:30  DBG  Done attempting to bind property 'RestaurantSideApplication.Models.LoginDetails.Password' of type 'System.String'.
2022-11-22 17:45:48.354 +05:30  DBG  Done attempting to bind parameter 'login' of type 'RestaurantSideApplication.Models.LoginDetails'.
2022-11-22 17:45:48.354 +05:30  DBG  Done attempting to bind parameter 'login' of type 'RestaurantSideApplication.Models.LoginDetails'.
2022-11-22 17:45:48.354 +05:30  DBG  Attempting to validate the bound parameter 'login' of type 'RestaurantSideApplication.Models.LoginDetails' ...
2022-11-22 17:45:48.358 +05:30  DBG  Done attempting to validate the bound parameter 'login' of type 'RestaurantSideApplication.Models.LoginDetails'.
2022-11-22 17:45:48.359 +05:30  INF  User Raksha logged into the Restaurant South Circle
2022-11-22 17:45:48.359 +05:30  DBG  Found the endpoints ["Route: {controller=Home}/{action=Index}/{id?}"] for address Microsoft.AspNetCore.Routing.RouteValuesAddress
2022-11-22 17:45:48.359 +05:30  DBG  Successfully processed template {controller=Home}/{action=Index}/{id?} for Route: {controller=Home}/{action=Index}/{id?} resulting in /Restaurant/DisplayOrders and 
2022-11-22 17:45:48.359 +05:30  DBG  Link generation succeeded for endpoints ["Route: {controller=Home}/{action=Index}/{id?}"] with result /Restaurant/DisplayOrders
2022-11-22 17:45:48.359 +05:30  INF  Executing RedirectResult, redirecting to /Restaurant/DisplayOrders.
2022-11-22 17:45:48.359 +05:30  INF  Executed action RestaurantSideApplication.Controllers.RestaurantController.Login (RestaurantSideApplication) in 24.3742ms
2022-11-22 17:45:48.359 +05:30  INF  Executed endpoint 'RestaurantSideApplication.Controllers.RestaurantController.Login (RestaurantSideApplication)'
2022-11-22 17:45:48.359 +05:30  INF  Session started; Key:bf3bca4c-191e-201b-bf2b-481c5be4b345, Id:ea95e045-752b-c160-a639-48321f7320b5
2022-11-22 17:45:48.362 +05:30  DBG  Session stored; Key:bf3bca4c-191e-201b-bf2b-481c5be4b345, Id:ea95e045-752b-c160-a639-48321f7320b5, Count:2
2022-11-22 17:45:48.363 +05:30  INF  Request finished HTTP/2 POST https://localhost:7225/Restaurant/Login application/x-www-form-urlencoded 240 - 302 0 - 45.5453ms
2022-11-22 17:45:48.368 +05:30  INF  Request starting HTTP/2 GET https://localhost:7225/Restaurant/DisplayOrders - -
2022-11-22 17:45:48.369 +05:30  DBG  The request path /Restaurant/DisplayOrders does not match a supported file type
2022-11-22 17:45:48.369 +05:30  DBG  1 candidate(s) found for the request path '/Restaurant/DisplayOrders'
2022-11-22 17:45:48.369 +05:30  DBG  Endpoint 'RestaurantSideApplication.Controllers.RestaurantController.DisplayOrders (RestaurantSideApplication)' with route pattern '{controller=Home}/{action=Index}/{id?}' is valid for the request path '/Restaurant/DisplayOrders'
2022-11-22 17:45:48.369 +05:30  DBG  Request matched endpoint 'RestaurantSideApplication.Controllers.RestaurantController.DisplayOrders (RestaurantSideApplication)'
2022-11-22 17:45:48.369 +05:30  INF  Executing endpoint 'RestaurantSideApplication.Controllers.RestaurantController.DisplayOrders (RestaurantSideApplication)'
2022-11-22 17:45:48.369 +05:30  INF  Route matched with {action = "DisplayOrders", controller = "Restaurant"}. Executing controller action with signature Microsoft.AspNetCore.Mvc.IActionResult DisplayOrders() on controller RestaurantSideApplication.Controllers.RestaurantController (RestaurantSideApplication).
2022-11-22 17:45:48.370 +05:30  DBG  Execution plan of authorization filters (in the following order): ["None"]
2022-11-22 17:45:48.370 +05:30  DBG  Execution plan of resource filters (in the following order): ["Microsoft.AspNetCore.Mvc.ViewFeatures.Filters.SaveTempDataFilter"]
2022-11-22 17:45:48.370 +05:30  DBG  Execution plan of action filters (in the following order): ["Microsoft.AspNetCore.Mvc.Filters.ControllerActionFilter (Order: -2147483648)","Microsoft.AspNetCore.Mvc.ModelBinding.UnsupportedContentTypeFilter (Order: -3000)"]
2022-11-22 17:45:48.370 +05:30  DBG  Execution plan of exception filters (in the following order): ["None"]
2022-11-22 17:45:48.370 +05:30  DBG  Execution plan of result filters (in the following order): ["Microsoft.AspNetCore.Mvc.ViewFeatures.Filters.SaveTempDataFilter"]
2022-11-22 17:45:48.370 +05:30  DBG  Executing controller factory for controller RestaurantSideApplication.Controllers.RestaurantController (RestaurantSideApplication)
2022-11-22 17:45:48.374 +05:30  DBG  Executed controller factory for controller RestaurantSideApplication.Controllers.RestaurantController (RestaurantSideApplication)
2022-11-22 17:45:48.375 +05:30  DBG  Session loaded; Key:bf3bca4c-191e-201b-bf2b-481c5be4b345, Id:ea95e045-752b-c160-a639-48321f7320b5, Count:2
2022-11-22 17:45:48.385 +05:30  DBG  View lookup cache miss for view 'DisplayOrders' in controller 'Restaurant'.
2022-11-22 17:45:48.386 +05:30  INF  Executing ViewResult, running view DisplayOrders.
2022-11-22 17:45:48.386 +05:30  DBG  The view path '/Views/Restaurant/DisplayOrders.cshtml' was found in 0.7424ms.
2022-11-22 17:45:48.389 +05:30  DBG  Found the endpoints ["Route: {controller=Home}/{action=Index}/{id?}"] for address Microsoft.AspNetCore.Routing.RouteValuesAddress
2022-11-22 17:45:48.389 +05:30  DBG  Successfully processed template {controller=Home}/{action=Index}/{id?} for Route: {controller=Home}/{action=Index}/{id?} resulting in /Restaurant/Login and 
2022-11-22 17:45:48.389 +05:30  DBG  Link generation succeeded for endpoints ["Route: {controller=Home}/{action=Index}/{id?}"] with result /Restaurant/Login
2022-11-22 17:45:48.389 +05:30  DBG  Found the endpoints ["Route: {controller=Home}/{action=Index}/{id?}"] for address Microsoft.AspNetCore.Routing.RouteValuesAddress
2022-11-22 17:45:48.389 +05:30  DBG  Successfully processed template {controller=Home}/{action=Index}/{id?} for Route: {controller=Home}/{action=Index}/{id?} resulting in /Restaurant/AddFoodItem and 
2022-11-22 17:45:48.389 +05:30  DBG  Link generation succeeded for endpoints ["Route: {controller=Home}/{action=Index}/{id?}"] with result /Restaurant/AddFoodItem
2022-11-22 17:45:48.389 +05:30  DBG  View lookup cache hit for view '_Layout' in controller 'Restaurant'.
2022-11-22 17:45:48.389 +05:30  DBG  Found the endpoints ["Route: {controller=Home}/{action=Index}/{id?}"] for address Microsoft.AspNetCore.Routing.RouteValuesAddress
2022-11-22 17:45:48.389 +05:30  DBG  Successfully processed template {controller=Home}/{action=Index}/{id?} for Route: {controller=Home}/{action=Index}/{id?} resulting in  and 
2022-11-22 17:45:48.389 +05:30  DBG  Link generation succeeded for endpoints ["Route: {controller=Home}/{action=Index}/{id?}"] with result /
2022-11-22 17:45:48.390 +05:30  DBG  Found the endpoints ["Route: {controller=Home}/{action=Index}/{id?}"] for address Microsoft.AspNetCore.Routing.RouteValuesAddress
2022-11-22 17:45:48.390 +05:30  DBG  Successfully processed template {controller=Home}/{action=Index}/{id?} for Route: {controller=Home}/{action=Index}/{id?} resulting in /Restaurant/Login and 
2022-11-22 17:45:48.390 +05:30  DBG  Link generation succeeded for endpoints ["Route: {controller=Home}/{action=Index}/{id?}"] with result /Restaurant/Login
2022-11-22 17:45:48.390 +05:30  DBG  Found the endpoints ["Route: {controller=Home}/{action=Index}/{id?}"] for address Microsoft.AspNetCore.Routing.RouteValuesAddress
2022-11-22 17:45:48.390 +05:30  DBG  Successfully processed template {controller=Home}/{action=Index}/{id?} for Route: {controller=Home}/{action=Index}/{id?} resulting in /Restaurant/CreateAccount and 
2022-11-22 17:45:48.390 +05:30  DBG  Link generation succeeded for endpoints ["Route: {controller=Home}/{action=Index}/{id?}"] with result /Restaurant/CreateAccount
2022-11-22 17:45:48.390 +05:30  DBG  Found the endpoints ["Route: {controller=Home}/{action=Index}/{id?}"] for address Microsoft.AspNetCore.Routing.RouteValuesAddress
2022-11-22 17:45:48.390 +05:30  DBG  Successfully processed template {controller=Home}/{action=Index}/{id?} for Route: {controller=Home}/{action=Index}/{id?} resulting in /Home/Privacy and 
2022-11-22 17:45:48.390 +05:30  DBG  Link generation succeeded for endpoints ["Route: {controller=Home}/{action=Index}/{id?}"] with result /Home/Privacy
2022-11-22 17:45:48.394 +05:30  INF  Executed ViewResult - view DisplayOrders executed in 8.8282ms.
2022-11-22 17:45:48.394 +05:30  INF  Executed action RestaurantSideApplication.Controllers.RestaurantController.DisplayOrders (RestaurantSideApplication) in 24.8273ms
2022-11-22 17:45:48.394 +05:30  INF  Executed endpoint 'RestaurantSideApplication.Controllers.RestaurantController.DisplayOrders (RestaurantSideApplication)'
2022-11-22 17:45:48.395 +05:30  DBG  Response markup is scheduled to include browser refresh script injection.
2022-11-22 17:45:48.396 +05:30  DBG  Response markup was updated to include browser refresh script injection.
2022-11-22 17:45:48.396 +05:30  INF  Request finished HTTP/2 GET https://localhost:7225/Restaurant/DisplayOrders - - - 200 - text/html;+charset=utf-8 27.7988ms
2022-11-22 17:45:48.426 +05:30  INF  Request starting HTTP/2 GET https://localhost:7225/_vs/browserLink - -
2022-11-22 17:45:48.427 +05:30  INF  Request starting HTTP/2 GET https://localhost:7225/_framework/aspnetcore-browser-refresh.js - -
2022-11-22 17:45:48.428 +05:30  INF  Request finished HTTP/2 GET https://localhost:7225/_framework/aspnetcore-browser-refresh.js - - - 200 12020 application/javascript;+charset=utf-8 0.2234ms
2022-11-22 17:45:48.442 +05:30  INF  Request finished HTTP/2 GET https://localhost:7225/_vs/browserLink - - - 200 - text/javascript;+charset=UTF-8 15.5623ms
2022-11-22 17:45:52.394 +05:30  INF  Request starting HTTP/2 GET https://localhost:7225/Restaurant/Login - -
2022-11-22 17:45:52.395 +05:30  DBG  The request path /Restaurant/Login does not match a supported file type
2022-11-22 17:45:52.395 +05:30  DBG  1 candidate(s) found for the request path '/Restaurant/Login'
2022-11-22 17:45:52.395 +05:30  DBG  Endpoint 'RestaurantSideApplication.Controllers.RestaurantController.Login (RestaurantSideApplication)' with route pattern '{controller=Home}/{action=Index}/{id?}' is valid for the request path '/Restaurant/Login'
2022-11-22 17:45:52.395 +05:30  DBG  Request matched endpoint 'RestaurantSideApplication.Controllers.RestaurantController.Login (RestaurantSideApplication)'
2022-11-22 17:45:52.395 +05:30  INF  Executing endpoint 'RestaurantSideApplication.Controllers.RestaurantController.Login (RestaurantSideApplication)'
2022-11-22 17:45:52.395 +05:30  INF  Route matched with {action = "Login", controller = "Restaurant"}. Executing controller action with signature Microsoft.AspNetCore.Mvc.IActionResult Login() on controller RestaurantSideApplication.Controllers.RestaurantController (RestaurantSideApplication).
2022-11-22 17:45:52.395 +05:30  DBG  Execution plan of authorization filters (in the following order): ["None"]
2022-11-22 17:45:52.395 +05:30  DBG  Execution plan of resource filters (in the following order): ["Microsoft.AspNetCore.Mvc.ViewFeatures.Filters.SaveTempDataFilter"]
2022-11-22 17:45:52.395 +05:30  DBG  Execution plan of action filters (in the following order): ["Microsoft.AspNetCore.Mvc.Filters.ControllerActionFilter (Order: -2147483648)","Microsoft.AspNetCore.Mvc.ModelBinding.UnsupportedContentTypeFilter (Order: -3000)"]
2022-11-22 17:45:52.395 +05:30  DBG  Execution plan of exception filters (in the following order): ["None"]
2022-11-22 17:45:52.395 +05:30  DBG  Execution plan of result filters (in the following order): ["Microsoft.AspNetCore.Mvc.ViewFeatures.Filters.SaveTempDataFilter"]
2022-11-22 17:45:52.395 +05:30  DBG  Executing controller factory for controller RestaurantSideApplication.Controllers.RestaurantController (RestaurantSideApplication)
2022-11-22 17:45:52.400 +05:30  DBG  Executed controller factory for controller RestaurantSideApplication.Controllers.RestaurantController (RestaurantSideApplication)
2022-11-22 17:45:52.400 +05:30  INF  Login Triggered
2022-11-22 17:45:52.400 +05:30  DBG  View lookup cache hit for view 'Login' in controller 'Restaurant'.
2022-11-22 17:45:52.400 +05:30  INF  Executing ViewResult, running view Login.
2022-11-22 17:45:52.400 +05:30  DBG  The view path '/Views/Restaurant/Login.cshtml' was found in 0.0591ms.
2022-11-22 17:45:52.402 +05:30  DBG  An antiforgery cookie token was reused.
2022-11-22 17:45:52.402 +05:30  DBG  View lookup cache hit for view '_Layout' in controller 'Restaurant'.
2022-11-22 17:45:52.402 +05:30  DBG  Found the endpoints ["Route: {controller=Home}/{action=Index}/{id?}"] for address Microsoft.AspNetCore.Routing.RouteValuesAddress
2022-11-22 17:45:52.402 +05:30  DBG  Successfully processed template {controller=Home}/{action=Index}/{id?} for Route: {controller=Home}/{action=Index}/{id?} resulting in  and 
2022-11-22 17:45:52.402 +05:30  DBG  Link generation succeeded for endpoints ["Route: {controller=Home}/{action=Index}/{id?}"] with result /
2022-11-22 17:45:52.402 +05:30  DBG  Found the endpoints ["Route: {controller=Home}/{action=Index}/{id?}"] for address Microsoft.AspNetCore.Routing.RouteValuesAddress
2022-11-22 17:45:52.402 +05:30  DBG  Successfully processed template {controller=Home}/{action=Index}/{id?} for Route: {controller=Home}/{action=Index}/{id?} resulting in /Restaurant/Login and 
2022-11-22 17:45:52.402 +05:30  DBG  Link generation succeeded for endpoints ["Route: {controller=Home}/{action=Index}/{id?}"] with result /Restaurant/Login
2022-11-22 17:45:52.402 +05:30  DBG  Found the endpoints ["Route: {controller=Home}/{action=Index}/{id?}"] for address Microsoft.AspNetCore.Routing.RouteValuesAddress
2022-11-22 17:45:52.402 +05:30  DBG  Successfully processed template {controller=Home}/{action=Index}/{id?} for Route: {controller=Home}/{action=Index}/{id?} resulting in /Restaurant/CreateAccount and 
2022-11-22 17:45:52.402 +05:30  DBG  Link generation succeeded for endpoints ["Route: {controller=Home}/{action=Index}/{id?}"] with result /Restaurant/CreateAccount
2022-11-22 17:45:52.402 +05:30  DBG  Found the endpoints ["Route: {controller=Home}/{action=Index}/{id?}"] for address Microsoft.AspNetCore.Routing.RouteValuesAddress
2022-11-22 17:45:52.402 +05:30  DBG  Successfully processed template {controller=Home}/{action=Index}/{id?} for Route: {controller=Home}/{action=Index}/{id?} resulting in /Home/Privacy and 
2022-11-22 17:45:52.402 +05:30  DBG  Link generation succeeded for endpoints ["Route: {controller=Home}/{action=Index}/{id?}"] with result /Home/Privacy
2022-11-22 17:45:52.406 +05:30  INF  Executed ViewResult - view Login executed in 6.3403ms.
2022-11-22 17:45:52.407 +05:30  INF  Executed action RestaurantSideApplication.Controllers.RestaurantController.Login (RestaurantSideApplication) in 11.31ms
2022-11-22 17:45:52.407 +05:30  INF  Executed endpoint 'RestaurantSideApplication.Controllers.RestaurantController.Login (RestaurantSideApplication)'
2022-11-22 17:45:52.407 +05:30  DBG  Session loaded; Key:bf3bca4c-191e-201b-bf2b-481c5be4b345, Id:ea95e045-752b-c160-a639-48321f7320b5, Count:2
2022-11-22 17:45:52.407 +05:30  DBG  Response markup is scheduled to include browser refresh script injection.
2022-11-22 17:45:52.408 +05:30  DBG  Response markup was updated to include browser refresh script injection.
2022-11-22 17:45:52.408 +05:30  INF  Request finished HTTP/2 GET https://localhost:7225/Restaurant/Login - - - 200 - text/html;+charset=utf-8 14.4793ms
2022-11-22 17:45:52.437 +05:30  INF  Request starting HTTP/2 GET https://localhost:7225/_vs/browserLink - -
2022-11-22 17:45:52.439 +05:30  INF  Request starting HTTP/2 GET https://localhost:7225/_framework/aspnetcore-browser-refresh.js - -
2022-11-22 17:45:52.440 +05:30  INF  Request finished HTTP/2 GET https://localhost:7225/_framework/aspnetcore-browser-refresh.js - - - 200 12020 application/javascript;+charset=utf-8 0.2079ms
2022-11-22 17:45:52.445 +05:30  INF  Request finished HTTP/2 GET https://localhost:7225/_vs/browserLink - - - 200 - text/javascript;+charset=UTF-8 7.7839ms
2022-11-22 17:48:04.879 +05:30  DBG  Connection id "0HMMCGD179PBA" is closing.
2022-11-22 17:48:04.889 +05:30  DBG  Connection id "0HMMCGD179PBA" is closed. The last processed stream ID was 25.
2022-11-22 17:48:04.891 +05:30  DBG  Connection id "0HMMCGD179PBA" received FIN.
2022-11-22 17:48:04.891 +05:30  DBG  Connection id "0HMMCGD179PBA" sending FIN because: "The client closed the connection."
2022-11-22 17:48:04.892 +05:30  DBG  Connection id "0HMMCGD179PBA" stopped.
2022-11-22 23:04:41.263 +05:30  DBG  Connection id "0HMMCGD179PBB" accepted.
2022-11-22 23:04:41.264 +05:30  DBG  Connection id "0HMMCGD179PBB" started.
2022-11-22 23:04:41.271 +05:30  DBG  Connection 0HMMCGD179PBB established using the following protocol: "Tls13"
2022-11-22 23:05:57.915 +05:30  DBG  Connection id "0HMMCGD179PBB" received FIN.
2022-11-22 23:05:57.918 +05:30  DBG  Connection id "0HMMCGD179PBB" is closed. The last processed stream ID was 0.
2022-11-22 23:05:57.918 +05:30  DBG  Connection id "0HMMCGD179PBB" sending FIN because: "The client closed the connection."
2022-11-22 23:05:57.922 +05:30  DBG  Connection id "0HMMCGD179PBB" stopped.
2022-11-22 23:14:01.231 +05:30  DBG  Connection id "0HMMCGD179PBC" received FIN.
2022-11-22 23:14:01.231 +05:30  DBG  Connection id "0HMMCGD179PBC" accepted.
2022-11-22 23:14:01.231 +05:30  DBG  Connection id "0HMMCGD179PBC" started.
2022-11-22 23:14:01.232 +05:30  DBG  Failed to authenticate HTTPS connection.System.IO.IOException:  Received an unexpected EOF or 0 bytes from the transport stream.
   at System.Net.Security.SslStream.ReceiveBlobAsync[TIOAdapter](TIOAdapter adapter)
   at System.Net.Security.SslStream.ForceAuthenticationAsync[TIOAdapter](TIOAdapter adapter, Boolean receiveFirst, Byte[] reAuthenticationData, Boolean isApm)
   at Microsoft.AspNetCore.Server.Kestrel.Https.Internal.HttpsConnectionMiddleware.OnConnectionAsync(ConnectionContext context)

2022-11-22 23:14:01.232 +05:30  DBG  Connection id "0HMMCGD179PBC" stopped.
2022-11-22 23:14:01.232 +05:30  DBG  Connection id "0HMMCGD179PBC" sending FIN because: "The Socket transport's send loop completed gracefully."
2022-11-22 23:14:03.193 +05:30  DBG  Connection id "0HMMCGD179PBD" accepted.
2022-11-22 23:14:03.193 +05:30  DBG  Connection id "0HMMCGD179PBD" started.
2022-11-22 23:14:03.227 +05:30  DBG  Connection 0HMMCGD179PBD established using the following protocol: "Tls13"
2022-11-22 23:14:03.254 +05:30  INF  Request starting HTTP/2 GET https://localhost:7225/ - -
2022-11-22 23:14:03.255 +05:30  DBG  The request path / does not match a supported file type
2022-11-22 23:14:03.255 +05:30  DBG  1 candidate(s) found for the request path '/'
2022-11-22 23:14:03.256 +05:30  DBG  Endpoint 'RestaurantSideApplication.Controllers.HomeController.Index (RestaurantSideApplication)' with route pattern '{controller=Home}/{action=Index}/{id?}' is valid for the request path '/'
2022-11-22 23:14:03.258 +05:30  DBG  Request matched endpoint 'RestaurantSideApplication.Controllers.HomeController.Index (RestaurantSideApplication)'
2022-11-22 23:14:03.258 +05:30  WRN  Error unprotecting the session cookie.System.Security.Cryptography.CryptographicException: The payload was invalid. For more information go to http://aka.ms/dataprotectionwarning
   at Microsoft.AspNetCore.DataProtection.Cng.CbcAuthenticatedEncryptor.DecryptImpl(Byte* pbCiphertext, UInt32 cbCiphertext, Byte* pbAdditionalAuthenticatedData, UInt32 cbAdditionalAuthenticatedData)
   at Microsoft.AspNetCore.DataProtection.Cng.Internal.CngAuthenticatedEncryptorBase.Decrypt(ArraySegment`1 ciphertext, ArraySegment`1 additionalAuthenticatedData)
   at Microsoft.AspNetCore.DataProtection.KeyManagement.KeyRingBasedDataProtector.UnprotectCore(Byte[] protectedData, Boolean allowOperationsOnRevokedKeys, UnprotectStatus& status)
   at Microsoft.AspNetCore.DataProtection.KeyManagement.KeyRingBasedDataProtector.Unprotect(Byte[] protectedData)
   at Microsoft.AspNetCore.Session.CookieProtection.Unprotect(IDataProtector protector, String protectedText, ILogger logger)

2022-11-22 23:14:03.259 +05:30  INF  Executing endpoint 'RestaurantSideApplication.Controllers.HomeController.Index (RestaurantSideApplication)'
2022-11-22 23:14:03.259 +05:30  INF  Route matched with {action = "Index", controller = "Home"}. Executing controller action with signature Microsoft.AspNetCore.Mvc.IActionResult Index() on controller RestaurantSideApplication.Controllers.HomeController (RestaurantSideApplication).
2022-11-22 23:14:03.259 +05:30  DBG  Execution plan of authorization filters (in the following order): ["None"]
2022-11-22 23:14:03.259 +05:30  DBG  Execution plan of resource filters (in the following order): ["Microsoft.AspNetCore.Mvc.ViewFeatures.Filters.SaveTempDataFilter"]
2022-11-22 23:14:03.259 +05:30  DBG  Execution plan of action filters (in the following order): ["Microsoft.AspNetCore.Mvc.Filters.ControllerActionFilter (Order: -2147483648)","Microsoft.AspNetCore.Mvc.ModelBinding.UnsupportedContentTypeFilter (Order: -3000)"]
2022-11-22 23:14:03.259 +05:30  DBG  Execution plan of exception filters (in the following order): ["None"]
2022-11-22 23:14:03.259 +05:30  DBG  Execution plan of result filters (in the following order): ["Microsoft.AspNetCore.Mvc.ViewFeatures.Filters.SaveTempDataFilter"]
2022-11-22 23:14:03.259 +05:30  DBG  Executing controller factory for controller RestaurantSideApplication.Controllers.HomeController (RestaurantSideApplication)
2022-11-22 23:14:03.259 +05:30  DBG  Executed controller factory for controller RestaurantSideApplication.Controllers.HomeController (RestaurantSideApplication)
2022-11-22 23:14:03.265 +05:30  DBG  View lookup cache miss for view 'Index' in controller 'Home'.
2022-11-22 23:14:03.266 +05:30  INF  Executing ViewResult, running view Index.
2022-11-22 23:14:03.266 +05:30  DBG  The view path '/Views/Home/Index.cshtml' was found in 6.0336ms.
2022-11-22 23:14:03.267 +05:30  DBG  View lookup cache miss for view '_Layout' in controller 'Home'.
2022-11-22 23:14:03.268 +05:30  DBG  Found the endpoints ["Route: {controller=Home}/{action=Index}/{id?}"] for address Microsoft.AspNetCore.Routing.RouteValuesAddress
2022-11-22 23:14:03.268 +05:30  DBG  Successfully processed template {controller=Home}/{action=Index}/{id?} for Route: {controller=Home}/{action=Index}/{id?} resulting in  and 
2022-11-22 23:14:03.268 +05:30  DBG  Link generation succeeded for endpoints ["Route: {controller=Home}/{action=Index}/{id?}"] with result /
2022-11-22 23:14:03.269 +05:30  DBG  Found the endpoints ["Route: {controller=Home}/{action=Index}/{id?}"] for address Microsoft.AspNetCore.Routing.RouteValuesAddress
2022-11-22 23:14:03.269 +05:30  DBG  Successfully processed template {controller=Home}/{action=Index}/{id?} for Route: {controller=Home}/{action=Index}/{id?} resulting in /Restaurant/Login and 
2022-11-22 23:14:03.269 +05:30  DBG  Link generation succeeded for endpoints ["Route: {controller=Home}/{action=Index}/{id?}"] with result /Restaurant/Login
2022-11-22 23:14:03.269 +05:30  DBG  Found the endpoints ["Route: {controller=Home}/{action=Index}/{id?}"] for address Microsoft.AspNetCore.Routing.RouteValuesAddress
2022-11-22 23:14:03.269 +05:30  DBG  Successfully processed template {controller=Home}/{action=Index}/{id?} for Route: {controller=Home}/{action=Index}/{id?} resulting in /Restaurant/CreateAccount and 
2022-11-22 23:14:03.269 +05:30  DBG  Link generation succeeded for endpoints ["Route: {controller=Home}/{action=Index}/{id?}"] with result /Restaurant/CreateAccount
2022-11-22 23:14:03.269 +05:30  DBG  Found the endpoints ["Route: {controller=Home}/{action=Index}/{id?}"] for address Microsoft.AspNetCore.Routing.RouteValuesAddress
2022-11-22 23:14:03.269 +05:30  DBG  Successfully processed template {controller=Home}/{action=Index}/{id?} for Route: {controller=Home}/{action=Index}/{id?} resulting in /Home/Privacy and 
2022-11-22 23:14:03.269 +05:30  DBG  Link generation succeeded for endpoints ["Route: {controller=Home}/{action=Index}/{id?}"] with result /Home/Privacy
2022-11-22 23:14:03.305 +05:30  INF  Executed ViewResult - view Index executed in 45.1972ms.
2022-11-22 23:14:03.305 +05:30  INF  Executed action RestaurantSideApplication.Controllers.HomeController.Index (RestaurantSideApplication) in 45.5875ms
2022-11-22 23:14:03.305 +05:30  INF  Executed endpoint 'RestaurantSideApplication.Controllers.HomeController.Index (RestaurantSideApplication)'
2022-11-22 23:14:03.308 +05:30  DBG  Response markup is scheduled to include browser refresh script injection.
2022-11-22 23:14:03.308 +05:30  DBG  Response markup was updated to include browser refresh script injection.
2022-11-22 23:14:03.308 +05:30  INF  Request finished HTTP/2 GET https://localhost:7225/ - - - 200 - text/html;+charset=utf-8 54.4949ms
2022-11-22 23:14:03.345 +05:30  INF  Request starting HTTP/2 GET https://localhost:7225/_framework/aspnetcore-browser-refresh.js - -
2022-11-22 23:14:03.347 +05:30  INF  Request starting HTTP/2 GET https://localhost:7225/_vs/browserLink - -
2022-11-22 23:14:03.350 +05:30  INF  Request finished HTTP/2 GET https://localhost:7225/_framework/aspnetcore-browser-refresh.js - - - 200 12020 application/javascript;+charset=utf-8 4.7049ms
2022-11-22 23:14:03.375 +05:30  INF  Request finished HTTP/2 GET https://localhost:7225/_vs/browserLink - - - 200 - text/javascript;+charset=UTF-8 27.2762ms
2022-11-22 23:16:15.654 +05:30  DBG  Connection id "0HMMCGD179PBD" is closing.
2022-11-22 23:16:15.654 +05:30  DBG  Connection id "0HMMCGD179PBD" is closed. The last processed stream ID was 5.
2022-11-22 23:16:15.655 +05:30  DBG  Connection id "0HMMCGD179PBD" received FIN.
2022-11-22 23:16:15.656 +05:30  DBG  Connection id "0HMMCGD179PBD" stopped.
2022-11-22 23:16:15.656 +05:30  DBG  Connection id "0HMMCGD179PBD" sending FIN because: "The Socket transport's send loop completed gracefully."
2022-11-22 23:27:17.984 +05:30  DBG  Initializing Razor view compiler with compiled view: '/Views/Home/Index.cshtml'.
2022-11-22 23:27:18.029 +05:30  DBG  Initializing Razor view compiler with compiled view: '/Views/Home/Privacy.cshtml'.
2022-11-22 23:27:18.029 +05:30  DBG  Initializing Razor view compiler with compiled view: '/Views/Restaurant/AddFoodItem.cshtml'.
2022-11-22 23:27:18.029 +05:30  DBG  Initializing Razor view compiler with compiled view: '/Views/Restaurant/CreateAccount.cshtml'.
2022-11-22 23:27:18.029 +05:30  DBG  Initializing Razor view compiler with compiled view: '/Views/Restaurant/DisplayOrders.cshtml'.
2022-11-22 23:27:18.029 +05:30  DBG  Initializing Razor view compiler with compiled view: '/Views/Restaurant/Logged.cshtml'.
2022-11-22 23:27:18.029 +05:30  DBG  Initializing Razor view compiler with compiled view: '/Views/Restaurant/Login.cshtml'.
2022-11-22 23:27:18.029 +05:30  DBG  Initializing Razor view compiler with compiled view: '/Views/Shared/Error.cshtml'.
2022-11-22 23:27:18.029 +05:30  DBG  Initializing Razor view compiler with compiled view: '/Views/Shared/_ValidationScriptsPartial.cshtml'.
2022-11-22 23:27:18.029 +05:30  DBG  Initializing Razor view compiler with compiled view: '/Views/_ViewImports.cshtml'.
2022-11-22 23:27:18.029 +05:30  DBG  Initializing Razor view compiler with compiled view: '/Views/_ViewStart.cshtml'.
2022-11-22 23:27:18.029 +05:30  DBG  Initializing Razor view compiler with compiled view: '/Views/Shared/_Layout.cshtml'.
2022-11-22 23:27:18.039 +05:30  DBG  Registered model binder providers, in the following order: ["Microsoft.AspNetCore.Mvc.ModelBinding.Binders.BinderTypeModelBinderProvider","Microsoft.AspNetCore.Mvc.ModelBinding.Binders.ServicesModelBinderProvider","Microsoft.AspNetCore.Mvc.ModelBinding.Binders.BodyModelBinderProvider","Microsoft.AspNetCore.Mvc.ModelBinding.Binders.HeaderModelBinderProvider","Microsoft.AspNetCore.Mvc.ModelBinding.Binders.FloatingPointTypeModelBinderProvider","Microsoft.AspNetCore.Mvc.ModelBinding.Binders.EnumTypeModelBinderProvider","Microsoft.AspNetCore.Mvc.ModelBinding.Binders.DateTimeModelBinderProvider","Microsoft.AspNetCore.Mvc.ModelBinding.Binders.SimpleTypeModelBinderProvider","Microsoft.AspNetCore.Mvc.ModelBinding.Binders.CancellationTokenModelBinderProvider","Microsoft.AspNetCore.Mvc.ModelBinding.Binders.ByteArrayModelBinderProvider","Microsoft.AspNetCore.Mvc.ModelBinding.Binders.FormFileModelBinderProvider","Microsoft.AspNetCore.Mvc.ModelBinding.Binders.FormCollectionModelBinderProvider","Microsoft.AspNetCore.Mvc.ModelBinding.Binders.KeyValuePairModelBinderProvider","Microsoft.AspNetCore.Mvc.ModelBinding.Binders.DictionaryModelBinderProvider","Microsoft.AspNetCore.Mvc.ModelBinding.Binders.ArrayModelBinderProvider","Microsoft.AspNetCore.Mvc.ModelBinding.Binders.CollectionModelBinderProvider","Microsoft.AspNetCore.Mvc.ModelBinding.Binders.ComplexObjectModelBinderProvider"]
2022-11-22 23:27:18.117 +05:30  DBG  Hosting starting
2022-11-22 23:27:18.261 +05:30  INF  User profile is available. Using 'C:\Users\raksha_ganyarpawar\AppData\Local\ASP.NET\DataProtection-Keys' as key repository and Windows DPAPI to encrypt keys at rest.
2022-11-22 23:27:18.267 +05:30  DBG  Reading data from file 'C:\Users\raksha_ganyarpawar\AppData\Local\ASP.NET\DataProtection-Keys\key-79ad8948-c6a7-4098-9250-f7b29548ac6d.xml'.
2022-11-22 23:27:18.274 +05:30  DBG  Reading data from file 'C:\Users\raksha_ganyarpawar\AppData\Local\ASP.NET\DataProtection-Keys\key-fcbc33c9-fbe1-4aff-8638-219c50a28b3b.xml'.
2022-11-22 23:27:18.281 +05:30  DBG  Found key {79ad8948-c6a7-4098-9250-f7b29548ac6d}.
2022-11-22 23:27:18.283 +05:30  DBG  Found key {fcbc33c9-fbe1-4aff-8638-219c50a28b3b}.
2022-11-22 23:27:18.287 +05:30  DBG  Considering key {79ad8948-c6a7-4098-9250-f7b29548ac6d} with expiration date 2023-01-30 18:09:53Z as default key.
2022-11-22 23:27:18.288 +05:30  DBG  Forwarded activator type request from Microsoft.AspNetCore.DataProtection.XmlEncryption.DpapiXmlDecryptor, Microsoft.AspNetCore.DataProtection, Version=6.0.0.0, Culture=neutral, PublicKeyToken=adb9793829ddae60 to Microsoft.AspNetCore.DataProtection.XmlEncryption.DpapiXmlDecryptor, Microsoft.AspNetCore.DataProtection, Culture=neutral, PublicKeyToken=adb9793829ddae60
2022-11-22 23:27:18.290 +05:30  DBG  Decrypting secret element using Windows DPAPI.
2022-11-22 23:27:18.291 +05:30  DBG  Forwarded activator type request from Microsoft.AspNetCore.DataProtection.AuthenticatedEncryption.ConfigurationModel.AuthenticatedEncryptorDescriptorDeserializer, Microsoft.AspNetCore.DataProtection, Version=6.0.0.0, Culture=neutral, PublicKeyToken=adb9793829ddae60 to Microsoft.AspNetCore.DataProtection.AuthenticatedEncryption.ConfigurationModel.AuthenticatedEncryptorDescriptorDeserializer, Microsoft.AspNetCore.DataProtection, Culture=neutral, PublicKeyToken=adb9793829ddae60
2022-11-22 23:27:18.293 +05:30  DBG  Opening CNG algorithm 'AES' from provider 'null' with chaining mode CBC.
2022-11-22 23:27:18.294 +05:30  DBG  Opening CNG algorithm 'SHA256' from provider 'null' with HMAC.
2022-11-22 23:27:18.296 +05:30  DBG  Using key {79ad8948-c6a7-4098-9250-f7b29548ac6d} as the default key.
2022-11-22 23:27:18.297 +05:30  DBG  Key ring with default key {79ad8948-c6a7-4098-9250-f7b29548ac6d} was loaded during application startup.
2022-11-22 23:27:18.542 +05:30  DBG  Using development certificate: CN=localhost (Thumbprint: 4C51C087C884AD5F8F0F2241CBD89F90FD775F40)
2022-11-22 23:27:18.700 +05:30  INF  Now listening on: https://localhost:7225
2022-11-22 23:27:18.700 +05:30  INF  Now listening on: http://localhost:5225
2022-11-22 23:27:18.700 +05:30  DBG  Loaded hosting startup assembly RestaurantSideApplication
2022-11-22 23:27:18.700 +05:30  DBG  Loaded hosting startup assembly Microsoft.AspNetCore.Watch.BrowserRefresh
2022-11-22 23:27:18.700 +05:30  DBG  Loaded hosting startup assembly Microsoft.WebTools.BrowserLink.Net
2022-11-22 23:27:18.700 +05:30  INF  Application started. Press Ctrl+C to shut down.
2022-11-22 23:27:18.700 +05:30  INF  Hosting environment: Development
2022-11-22 23:27:18.700 +05:30  INF  Content root path: C:\Users\raksha_ganyarpawar\source\repos\RestaurantSideApplication\RestaurantSideApplication\
2022-11-22 23:27:18.700 +05:30  DBG  Hosting started
2022-11-22 23:27:18.936 +05:30  DBG  Connection id "0HMMCMBVO5B1P" accepted.
2022-11-22 23:27:18.936 +05:30  DBG  Connection id "0HMMCMBVO5B1P" started.
2022-11-22 23:27:18.942 +05:30  DBG  Connection id "0HMMCMBVO5B1Q" accepted.
2022-11-22 23:27:18.942 +05:30  DBG  Connection id "0HMMCMBVO5B1Q" started.
2022-11-22 23:27:18.946 +05:30  DBG  Connection id "0HMMCMBVO5B1Q" received FIN.
2022-11-22 23:27:18.946 +05:30  DBG  Connection id "0HMMCMBVO5B1P" received FIN.
2022-11-22 23:27:18.951 +05:30  DBG  Failed to authenticate HTTPS connection.System.IO.IOException:  Received an unexpected EOF or 0 bytes from the transport stream.
   at System.Net.Security.SslStream.ReceiveBlobAsync[TIOAdapter](TIOAdapter adapter)
   at System.Net.Security.SslStream.ForceAuthenticationAsync[TIOAdapter](TIOAdapter adapter, Boolean receiveFirst, Byte[] reAuthenticationData, Boolean isApm)
   at Microsoft.AspNetCore.Server.Kestrel.Https.Internal.HttpsConnectionMiddleware.OnConnectionAsync(ConnectionContext context)

2022-11-22 23:27:18.951 +05:30  DBG  Failed to authenticate HTTPS connection.System.IO.IOException:  Received an unexpected EOF or 0 bytes from the transport stream.
   at System.Net.Security.SslStream.ReceiveBlobAsync[TIOAdapter](TIOAdapter adapter)
   at System.Net.Security.SslStream.ForceAuthenticationAsync[TIOAdapter](TIOAdapter adapter, Boolean receiveFirst, Byte[] reAuthenticationData, Boolean isApm)
   at Microsoft.AspNetCore.Server.Kestrel.Https.Internal.HttpsConnectionMiddleware.OnConnectionAsync(ConnectionContext context)

2022-11-22 23:27:19.036 +05:30  DBG  Connection id "0HMMCMBVO5B1P" stopped.
2022-11-22 23:27:19.036 +05:30  DBG  Connection id "0HMMCMBVO5B1Q" stopped.
2022-11-22 23:27:19.037 +05:30  DBG  Connection id "0HMMCMBVO5B1P" sending FIN because: "The Socket transport's send loop completed gracefully."
2022-11-22 23:27:19.037 +05:30  DBG  Connection id "0HMMCMBVO5B1Q" sending FIN because: "The Socket transport's send loop completed gracefully."
2022-11-22 23:27:20.442 +05:30  DBG  Connection id "0HMMCMBVO5B1R" accepted.
2022-11-22 23:27:20.443 +05:30  DBG  Connection id "0HMMCMBVO5B1R" started.
2022-11-22 23:27:20.516 +05:30  DBG  Connection 0HMMCMBVO5B1R established using the following protocol: "Tls13"
2022-11-22 23:27:20.559 +05:30  INF  Request starting HTTP/2 GET https://localhost:7225/ - -
2022-11-22 23:27:20.593 +05:30  DBG  Wildcard detected, all requests with hosts will be allowed.
2022-11-22 23:27:20.595 +05:30  DBG  The request path / does not match a supported file type
2022-11-22 23:27:20.627 +05:30  DBG  1 candidate(s) found for the request path '/'
2022-11-22 23:27:20.632 +05:30  DBG  Endpoint 'RestaurantSideApplication.Controllers.HomeController.Index (RestaurantSideApplication)' with route pattern '{controller=Home}/{action=Index}/{id?}' is valid for the request path '/'
2022-11-22 23:27:20.633 +05:30  DBG  Request matched endpoint 'RestaurantSideApplication.Controllers.HomeController.Index (RestaurantSideApplication)'
2022-11-22 23:27:20.642 +05:30  INF  Executing endpoint 'RestaurantSideApplication.Controllers.HomeController.Index (RestaurantSideApplication)'
2022-11-22 23:27:20.666 +05:30  INF  Route matched with {action = "Index", controller = "Home"}. Executing controller action with signature Microsoft.AspNetCore.Mvc.IActionResult Index() on controller RestaurantSideApplication.Controllers.HomeController (RestaurantSideApplication).
2022-11-22 23:27:20.667 +05:30  DBG  Execution plan of authorization filters (in the following order): ["None"]
2022-11-22 23:27:20.667 +05:30  DBG  Execution plan of resource filters (in the following order): ["Microsoft.AspNetCore.Mvc.ViewFeatures.Filters.SaveTempDataFilter"]
2022-11-22 23:27:20.667 +05:30  DBG  Execution plan of action filters (in the following order): ["Microsoft.AspNetCore.Mvc.Filters.ControllerActionFilter (Order: -2147483648)","Microsoft.AspNetCore.Mvc.ModelBinding.UnsupportedContentTypeFilter (Order: -3000)"]
2022-11-22 23:27:20.667 +05:30  DBG  Execution plan of exception filters (in the following order): ["None"]
2022-11-22 23:27:20.667 +05:30  DBG  Execution plan of result filters (in the following order): ["Microsoft.AspNetCore.Mvc.ViewFeatures.Filters.SaveTempDataFilter"]
2022-11-22 23:27:20.668 +05:30  DBG  Executing controller factory for controller RestaurantSideApplication.Controllers.HomeController (RestaurantSideApplication)
2022-11-22 23:27:20.668 +05:30  DBG  Executed controller factory for controller RestaurantSideApplication.Controllers.HomeController (RestaurantSideApplication)
2022-11-22 23:27:20.672 +05:30  DBG  View lookup cache miss for view 'Index' in controller 'Home'.
2022-11-22 23:27:20.676 +05:30  INF  Executing ViewResult, running view Index.
2022-11-22 23:27:20.679 +05:30  DBG  The view path '/Views/Home/Index.cshtml' was found in 5.2368ms.
2022-11-22 23:27:20.707 +05:30  DBG  View lookup cache miss for view '_Layout' in controller 'Home'.
2022-11-22 23:27:20.750 +05:30  DBG  Found the endpoints ["Route: {controller=Home}/{action=Index}/{id?}"] for address Microsoft.AspNetCore.Routing.RouteValuesAddress
2022-11-22 23:27:20.755 +05:30  DBG  Successfully processed template {controller=Home}/{action=Index}/{id?} for Route: {controller=Home}/{action=Index}/{id?} resulting in  and 
2022-11-22 23:27:20.756 +05:30  DBG  Link generation succeeded for endpoints ["Route: {controller=Home}/{action=Index}/{id?}"] with result /
2022-11-22 23:27:20.757 +05:30  DBG  Found the endpoints ["Route: {controller=Home}/{action=Index}/{id?}"] for address Microsoft.AspNetCore.Routing.RouteValuesAddress
2022-11-22 23:27:20.757 +05:30  DBG  Successfully processed template {controller=Home}/{action=Index}/{id?} for Route: {controller=Home}/{action=Index}/{id?} resulting in /Restaurant/Login and 
2022-11-22 23:27:20.757 +05:30  DBG  Link generation succeeded for endpoints ["Route: {controller=Home}/{action=Index}/{id?}"] with result /Restaurant/Login
2022-11-22 23:27:20.757 +05:30  DBG  Found the endpoints ["Route: {controller=Home}/{action=Index}/{id?}"] for address Microsoft.AspNetCore.Routing.RouteValuesAddress
2022-11-22 23:27:20.757 +05:30  DBG  Successfully processed template {controller=Home}/{action=Index}/{id?} for Route: {controller=Home}/{action=Index}/{id?} resulting in /Restaurant/CreateAccount and 
2022-11-22 23:27:20.758 +05:30  DBG  Link generation succeeded for endpoints ["Route: {controller=Home}/{action=Index}/{id?}"] with result /Restaurant/CreateAccount
2022-11-22 23:27:20.758 +05:30  DBG  Found the endpoints ["Route: {controller=Home}/{action=Index}/{id?}"] for address Microsoft.AspNetCore.Routing.RouteValuesAddress
2022-11-22 23:27:20.758 +05:30  DBG  Successfully processed template {controller=Home}/{action=Index}/{id?} for Route: {controller=Home}/{action=Index}/{id?} resulting in /Home/Privacy and 
2022-11-22 23:27:20.758 +05:30  DBG  Link generation succeeded for endpoints ["Route: {controller=Home}/{action=Index}/{id?}"] with result /Home/Privacy
2022-11-22 23:27:20.984 +05:30  INF  Executed ViewResult - view Index executed in 312.8103ms.
2022-11-22 23:27:20.986 +05:30  INF  Executed action RestaurantSideApplication.Controllers.HomeController.Index (RestaurantSideApplication) in 318.9113ms
2022-11-22 23:27:20.987 +05:30  INF  Executed endpoint 'RestaurantSideApplication.Controllers.HomeController.Index (RestaurantSideApplication)'
2022-11-22 23:27:20.993 +05:30  DBG  Response markup is scheduled to include browser refresh script injection.
2022-11-22 23:27:21.017 +05:30  DBG  Response markup was updated to include browser refresh script injection.
2022-11-22 23:27:21.022 +05:30  INF  Request finished HTTP/2 GET https://localhost:7225/ - - - 200 - text/html;+charset=utf-8 466.9960ms
2022-11-22 23:27:21.064 +05:30  INF  Request starting HTTP/2 GET https://localhost:7225/_vs/browserLink - -
2022-11-22 23:27:21.064 +05:30  INF  Request starting HTTP/2 GET https://localhost:7225/_framework/aspnetcore-browser-refresh.js - -
2022-11-22 23:27:21.067 +05:30  INF  Request finished HTTP/2 GET https://localhost:7225/_framework/aspnetcore-browser-refresh.js - - - 200 12020 application/javascript;+charset=utf-8 3.2173ms
2022-11-22 23:27:21.079 +05:30  INF  Request finished HTTP/2 GET https://localhost:7225/_vs/browserLink - - - 200 - text/javascript;+charset=UTF-8 15.8289ms
2022-11-22 23:27:23.238 +05:30  INF  Request starting HTTP/2 GET https://localhost:7225/Restaurant/Login - -
2022-11-22 23:27:23.240 +05:30  DBG  The request path /Restaurant/Login does not match a supported file type
2022-11-22 23:27:23.245 +05:30  DBG  1 candidate(s) found for the request path '/Restaurant/Login'
2022-11-22 23:27:23.245 +05:30  DBG  Endpoint 'RestaurantSideApplication.Controllers.RestaurantController.Login (RestaurantSideApplication)' with route pattern '{controller=Home}/{action=Index}/{id?}' is valid for the request path '/Restaurant/Login'
2022-11-22 23:27:23.246 +05:30  DBG  Request matched endpoint 'RestaurantSideApplication.Controllers.RestaurantController.Login (RestaurantSideApplication)'
2022-11-22 23:27:23.247 +05:30  INF  Executing endpoint 'RestaurantSideApplication.Controllers.RestaurantController.Login (RestaurantSideApplication)'
2022-11-22 23:27:23.251 +05:30  INF  Route matched with {action = "Login", controller = "Restaurant"}. Executing controller action with signature Microsoft.AspNetCore.Mvc.IActionResult Login() on controller RestaurantSideApplication.Controllers.RestaurantController (RestaurantSideApplication).
2022-11-22 23:27:23.251 +05:30  DBG  Execution plan of authorization filters (in the following order): ["None"]
2022-11-22 23:27:23.251 +05:30  DBG  Execution plan of resource filters (in the following order): ["Microsoft.AspNetCore.Mvc.ViewFeatures.Filters.SaveTempDataFilter"]
2022-11-22 23:27:23.251 +05:30  DBG  Execution plan of action filters (in the following order): ["Microsoft.AspNetCore.Mvc.Filters.ControllerActionFilter (Order: -2147483648)","Microsoft.AspNetCore.Mvc.ModelBinding.UnsupportedContentTypeFilter (Order: -3000)"]
2022-11-22 23:27:23.251 +05:30  DBG  Execution plan of exception filters (in the following order): ["None"]
2022-11-22 23:27:23.251 +05:30  DBG  Execution plan of result filters (in the following order): ["Microsoft.AspNetCore.Mvc.ViewFeatures.Filters.SaveTempDataFilter"]
2022-11-22 23:27:23.251 +05:30  DBG  Executing controller factory for controller RestaurantSideApplication.Controllers.RestaurantController (RestaurantSideApplication)
2022-11-22 23:27:23.872 +05:30  DBG  Executed controller factory for controller RestaurantSideApplication.Controllers.RestaurantController (RestaurantSideApplication)
2022-11-22 23:27:23.873 +05:30  INF  Login Triggered
2022-11-22 23:27:23.873 +05:30  DBG  View lookup cache miss for view 'Login' in controller 'Restaurant'.
2022-11-22 23:27:23.875 +05:30  INF  Executing ViewResult, running view Login.
2022-11-22 23:27:23.875 +05:30  DBG  The view path '/Views/Restaurant/Login.cshtml' was found in 1.7174ms.
2022-11-22 23:27:23.887 +05:30  DBG  A new antiforgery cookie token was created.
2022-11-22 23:27:24.047 +05:30  DBG  View lookup cache miss for view '_Layout' in controller 'Restaurant'.
2022-11-22 23:27:24.050 +05:30  DBG  Found the endpoints ["Route: {controller=Home}/{action=Index}/{id?}"] for address Microsoft.AspNetCore.Routing.RouteValuesAddress
2022-11-22 23:27:24.050 +05:30  DBG  Successfully processed template {controller=Home}/{action=Index}/{id?} for Route: {controller=Home}/{action=Index}/{id?} resulting in  and 
2022-11-22 23:27:24.050 +05:30  DBG  Link generation succeeded for endpoints ["Route: {controller=Home}/{action=Index}/{id?}"] with result /
2022-11-22 23:27:24.050 +05:30  DBG  Found the endpoints ["Route: {controller=Home}/{action=Index}/{id?}"] for address Microsoft.AspNetCore.Routing.RouteValuesAddress
2022-11-22 23:27:24.050 +05:30  DBG  Successfully processed template {controller=Home}/{action=Index}/{id?} for Route: {controller=Home}/{action=Index}/{id?} resulting in /Restaurant/Login and 
2022-11-22 23:27:24.050 +05:30  DBG  Link generation succeeded for endpoints ["Route: {controller=Home}/{action=Index}/{id?}"] with result /Restaurant/Login
2022-11-22 23:27:24.050 +05:30  DBG  Found the endpoints ["Route: {controller=Home}/{action=Index}/{id?}"] for address Microsoft.AspNetCore.Routing.RouteValuesAddress
2022-11-22 23:27:24.050 +05:30  DBG  Successfully processed template {controller=Home}/{action=Index}/{id?} for Route: {controller=Home}/{action=Index}/{id?} resulting in /Restaurant/CreateAccount and 
2022-11-22 23:27:24.050 +05:30  DBG  Link generation succeeded for endpoints ["Route: {controller=Home}/{action=Index}/{id?}"] with result /Restaurant/CreateAccount
2022-11-22 23:27:24.051 +05:30  DBG  Found the endpoints ["Route: {controller=Home}/{action=Index}/{id?}"] for address Microsoft.AspNetCore.Routing.RouteValuesAddress
2022-11-22 23:27:24.051 +05:30  DBG  Successfully processed template {controller=Home}/{action=Index}/{id?} for Route: {controller=Home}/{action=Index}/{id?} resulting in /Home/Privacy and 
2022-11-22 23:27:24.051 +05:30  DBG  Link generation succeeded for endpoints ["Route: {controller=Home}/{action=Index}/{id?}"] with result /Home/Privacy
2022-11-22 23:27:24.059 +05:30  INF  Executed ViewResult - view Login executed in 186.0132ms.
2022-11-22 23:27:24.060 +05:30  INF  Executed action RestaurantSideApplication.Controllers.RestaurantController.Login (RestaurantSideApplication) in 808.3782ms
2022-11-22 23:27:24.060 +05:30  INF  Executed endpoint 'RestaurantSideApplication.Controllers.RestaurantController.Login (RestaurantSideApplication)'
2022-11-22 23:27:24.061 +05:30  DBG  Response markup is scheduled to include browser refresh script injection.
2022-11-22 23:27:24.063 +05:30  DBG  Response markup was updated to include browser refresh script injection.
2022-11-22 23:27:24.063 +05:30  INF  Request finished HTTP/2 GET https://localhost:7225/Restaurant/Login - - - 200 - text/html;+charset=utf-8 824.8922ms
2022-11-22 23:27:24.093 +05:30  INF  Request starting HTTP/2 GET https://localhost:7225/_vs/browserLink - -
2022-11-22 23:27:24.095 +05:30  INF  Request starting HTTP/2 GET https://localhost:7225/_framework/aspnetcore-browser-refresh.js - -
2022-11-22 23:27:24.095 +05:30  INF  Request finished HTTP/2 GET https://localhost:7225/_framework/aspnetcore-browser-refresh.js - - - 200 12020 application/javascript;+charset=utf-8 0.3559ms
2022-11-22 23:27:24.109 +05:30  INF  Request finished HTTP/2 GET https://localhost:7225/_vs/browserLink - - - 200 - text/javascript;+charset=UTF-8 16.7361ms
2022-11-22 23:27:31.442 +05:30  INF  Request starting HTTP/2 POST https://localhost:7225/Restaurant/Login application/x-www-form-urlencoded 240
2022-11-22 23:27:31.443 +05:30  DBG  POST requests are not supported
2022-11-22 23:27:31.449 +05:30  DBG  2 candidate(s) found for the request path '/Restaurant/Login'
2022-11-22 23:27:31.450 +05:30  DBG  Endpoint 'RestaurantSideApplication.Controllers.RestaurantController.Login (RestaurantSideApplication)' with route pattern '{controller=Home}/{action=Index}/{id?}' is valid for the request path '/Restaurant/Login'
2022-11-22 23:27:31.450 +05:30  DBG  Endpoint 'RestaurantSideApplication.Controllers.RestaurantController.Login (RestaurantSideApplication)' with route pattern '{controller=Home}/{action=Index}/{id?}' is valid for the request path '/Restaurant/Login'
2022-11-22 23:27:31.450 +05:30  DBG  Request matched endpoint 'RestaurantSideApplication.Controllers.RestaurantController.Login (RestaurantSideApplication)'
2022-11-22 23:27:31.452 +05:30  INF  Executing endpoint 'RestaurantSideApplication.Controllers.RestaurantController.Login (RestaurantSideApplication)'
2022-11-22 23:27:31.482 +05:30  INF  Route matched with {action = "Login", controller = "Restaurant"}. Executing controller action with signature Microsoft.AspNetCore.Mvc.IActionResult Login(RestaurantSideApplication.Models.LoginDetails) on controller RestaurantSideApplication.Controllers.RestaurantController (RestaurantSideApplication).
2022-11-22 23:27:31.482 +05:30  DBG  Execution plan of authorization filters (in the following order): ["None"]
2022-11-22 23:27:31.482 +05:30  DBG  Execution plan of resource filters (in the following order): ["Microsoft.AspNetCore.Mvc.ViewFeatures.Filters.SaveTempDataFilter"]
2022-11-22 23:27:31.482 +05:30  DBG  Execution plan of action filters (in the following order): ["Microsoft.AspNetCore.Mvc.Filters.ControllerActionFilter (Order: -2147483648)","Microsoft.AspNetCore.Mvc.ModelBinding.UnsupportedContentTypeFilter (Order: -3000)"]
2022-11-22 23:27:31.482 +05:30  DBG  Execution plan of exception filters (in the following order): ["None"]
2022-11-22 23:27:31.482 +05:30  DBG  Execution plan of result filters (in the following order): ["Microsoft.AspNetCore.Mvc.ViewFeatures.Filters.SaveTempDataFilter"]
2022-11-22 23:27:31.482 +05:30  DBG  Executing controller factory for controller RestaurantSideApplication.Controllers.RestaurantController (RestaurantSideApplication)
2022-11-22 23:27:31.490 +05:30  DBG  Executed controller factory for controller RestaurantSideApplication.Controllers.RestaurantController (RestaurantSideApplication)
2022-11-22 23:27:31.497 +05:30  DBG  Connection id "0HMMCMBVO5B1R", Request id "0HMMCMBVO5B1R:0000000D": started reading request body.
2022-11-22 23:27:31.497 +05:30  DBG  Connection id "0HMMCMBVO5B1R", Request id "0HMMCMBVO5B1R:0000000D": done reading request body.
2022-11-22 23:27:31.504 +05:30  DBG  Attempting to bind parameter 'login' of type 'RestaurantSideApplication.Models.LoginDetails' ...
2022-11-22 23:27:31.512 +05:30  DBG  Attempting to bind parameter 'login' of type 'RestaurantSideApplication.Models.LoginDetails' using the name '' in request data ...
2022-11-22 23:27:31.518 +05:30  DBG  Attempting to bind property 'RestaurantSideApplication.Models.LoginDetails.RestaurantName' of type 'System.String' using the name 'RestaurantName' in request data ...
2022-11-22 23:27:31.519 +05:30  DBG  Done attempting to bind property 'RestaurantSideApplication.Models.LoginDetails.RestaurantName' of type 'System.String'.
2022-11-22 23:27:31.522 +05:30  DBG  Attempting to bind property 'RestaurantSideApplication.Models.LoginDetails.UserName' of type 'System.String' using the name 'UserName' in request data ...
2022-11-22 23:27:31.523 +05:30  DBG  Done attempting to bind property 'RestaurantSideApplication.Models.LoginDetails.UserName' of type 'System.String'.
2022-11-22 23:27:31.523 +05:30  DBG  Attempting to bind property 'RestaurantSideApplication.Models.LoginDetails.Password' of type 'System.String' using the name 'Password' in request data ...
2022-11-22 23:27:31.523 +05:30  DBG  Done attempting to bind property 'RestaurantSideApplication.Models.LoginDetails.Password' of type 'System.String'.
2022-11-22 23:27:31.523 +05:30  DBG  Done attempting to bind parameter 'login' of type 'RestaurantSideApplication.Models.LoginDetails'.
2022-11-22 23:27:31.523 +05:30  DBG  Done attempting to bind parameter 'login' of type 'RestaurantSideApplication.Models.LoginDetails'.
2022-11-22 23:27:31.524 +05:30  DBG  Attempting to validate the bound parameter 'login' of type 'RestaurantSideApplication.Models.LoginDetails' ...
2022-11-22 23:27:31.534 +05:30  DBG  Done attempting to validate the bound parameter 'login' of type 'RestaurantSideApplication.Models.LoginDetails'.
2022-11-22 23:27:31.538 +05:30  INF  User Raksha logged into the Restaurant South Circle
2022-11-22 23:27:31.538 +05:30  DBG  Found the endpoints ["Route: {controller=Home}/{action=Index}/{id?}"] for address Microsoft.AspNetCore.Routing.RouteValuesAddress
2022-11-22 23:27:31.538 +05:30  DBG  Successfully processed template {controller=Home}/{action=Index}/{id?} for Route: {controller=Home}/{action=Index}/{id?} resulting in /Restaurant/DisplayOrders and 
2022-11-22 23:27:31.538 +05:30  DBG  Link generation succeeded for endpoints ["Route: {controller=Home}/{action=Index}/{id?}"] with result /Restaurant/DisplayOrders
2022-11-22 23:27:31.539 +05:30  INF  Executing RedirectResult, redirecting to /Restaurant/DisplayOrders.
2022-11-22 23:27:31.539 +05:30  INF  Executed action RestaurantSideApplication.Controllers.RestaurantController.Login (RestaurantSideApplication) in 56.7828ms
2022-11-22 23:27:31.539 +05:30  INF  Executed endpoint 'RestaurantSideApplication.Controllers.RestaurantController.Login (RestaurantSideApplication)'
2022-11-22 23:27:31.540 +05:30  INF  Session started; Key:3647f5bd-249d-55b2-eab5-2a58632f5bd6, Id:a913bc4c-6e2b-0198-c138-74744ce0b333
2022-11-22 23:27:31.551 +05:30  DBG  Session stored; Key:3647f5bd-249d-55b2-eab5-2a58632f5bd6, Id:a913bc4c-6e2b-0198-c138-74744ce0b333, Count:2
2022-11-22 23:27:31.553 +05:30  INF  Request finished HTTP/2 POST https://localhost:7225/Restaurant/Login application/x-www-form-urlencoded 240 - 302 0 - 110.9667ms
2022-11-22 23:27:31.557 +05:30  INF  Request starting HTTP/2 GET https://localhost:7225/Restaurant/DisplayOrders - -
2022-11-22 23:27:31.559 +05:30  DBG  The request path /Restaurant/DisplayOrders does not match a supported file type
2022-11-22 23:27:31.559 +05:30  DBG  1 candidate(s) found for the request path '/Restaurant/DisplayOrders'
2022-11-22 23:27:31.559 +05:30  DBG  Endpoint 'RestaurantSideApplication.Controllers.RestaurantController.DisplayOrders (RestaurantSideApplication)' with route pattern '{controller=Home}/{action=Index}/{id?}' is valid for the request path '/Restaurant/DisplayOrders'
2022-11-22 23:27:31.559 +05:30  DBG  Request matched endpoint 'RestaurantSideApplication.Controllers.RestaurantController.DisplayOrders (RestaurantSideApplication)'
2022-11-22 23:27:31.560 +05:30  INF  Executing endpoint 'RestaurantSideApplication.Controllers.RestaurantController.DisplayOrders (RestaurantSideApplication)'
2022-11-22 23:27:31.561 +05:30  INF  Route matched with {action = "DisplayOrders", controller = "Restaurant"}. Executing controller action with signature Microsoft.AspNetCore.Mvc.IActionResult DisplayOrders() on controller RestaurantSideApplication.Controllers.RestaurantController (RestaurantSideApplication).
2022-11-22 23:27:31.562 +05:30  DBG  Execution plan of authorization filters (in the following order): ["None"]
2022-11-22 23:27:31.562 +05:30  DBG  Execution plan of resource filters (in the following order): ["Microsoft.AspNetCore.Mvc.ViewFeatures.Filters.SaveTempDataFilter"]
2022-11-22 23:27:31.562 +05:30  DBG  Execution plan of action filters (in the following order): ["Microsoft.AspNetCore.Mvc.Filters.ControllerActionFilter (Order: -2147483648)","Microsoft.AspNetCore.Mvc.ModelBinding.UnsupportedContentTypeFilter (Order: -3000)"]
2022-11-22 23:27:31.562 +05:30  DBG  Execution plan of exception filters (in the following order): ["None"]
2022-11-22 23:27:31.562 +05:30  DBG  Execution plan of result filters (in the following order): ["Microsoft.AspNetCore.Mvc.ViewFeatures.Filters.SaveTempDataFilter"]
2022-11-22 23:27:31.562 +05:30  DBG  Executing controller factory for controller RestaurantSideApplication.Controllers.RestaurantController (RestaurantSideApplication)
2022-11-22 23:27:31.567 +05:30  DBG  Executed controller factory for controller RestaurantSideApplication.Controllers.RestaurantController (RestaurantSideApplication)
2022-11-22 23:27:31.569 +05:30  DBG  Session loaded; Key:3647f5bd-249d-55b2-eab5-2a58632f5bd6, Id:a913bc4c-6e2b-0198-c138-74744ce0b333, Count:2
2022-11-22 23:27:31.582 +05:30  DBG  View lookup cache miss for view 'DisplayOrders' in controller 'Restaurant'.
2022-11-22 23:27:31.583 +05:30  INF  Executing ViewResult, running view DisplayOrders.
2022-11-22 23:27:31.583 +05:30  DBG  The view path '/Views/Restaurant/DisplayOrders.cshtml' was found in 1.4477ms.
2022-11-22 23:27:31.588 +05:30  DBG  Found the endpoints ["Route: {controller=Home}/{action=Index}/{id?}"] for address Microsoft.AspNetCore.Routing.RouteValuesAddress
2022-11-22 23:27:31.588 +05:30  DBG  Successfully processed template {controller=Home}/{action=Index}/{id?} for Route: {controller=Home}/{action=Index}/{id?} resulting in /Restaurant/Login and 
2022-11-22 23:27:31.588 +05:30  DBG  Link generation succeeded for endpoints ["Route: {controller=Home}/{action=Index}/{id?}"] with result /Restaurant/Login
2022-11-22 23:27:31.589 +05:30  DBG  Found the endpoints ["Route: {controller=Home}/{action=Index}/{id?}"] for address Microsoft.AspNetCore.Routing.RouteValuesAddress
2022-11-22 23:27:31.589 +05:30  DBG  Successfully processed template {controller=Home}/{action=Index}/{id?} for Route: {controller=Home}/{action=Index}/{id?} resulting in /Restaurant/AddFoodItem and 
2022-11-22 23:27:31.589 +05:30  DBG  Link generation succeeded for endpoints ["Route: {controller=Home}/{action=Index}/{id?}"] with result /Restaurant/AddFoodItem
2022-11-22 23:27:31.589 +05:30  DBG  View lookup cache hit for view '_Layout' in controller 'Restaurant'.
2022-11-22 23:27:31.589 +05:30  DBG  Found the endpoints ["Route: {controller=Home}/{action=Index}/{id?}"] for address Microsoft.AspNetCore.Routing.RouteValuesAddress
2022-11-22 23:27:31.589 +05:30  DBG  Successfully processed template {controller=Home}/{action=Index}/{id?} for Route: {controller=Home}/{action=Index}/{id?} resulting in  and 
2022-11-22 23:27:31.589 +05:30  DBG  Link generation succeeded for endpoints ["Route: {controller=Home}/{action=Index}/{id?}"] with result /
2022-11-22 23:27:31.589 +05:30  DBG  Found the endpoints ["Route: {controller=Home}/{action=Index}/{id?}"] for address Microsoft.AspNetCore.Routing.RouteValuesAddress
2022-11-22 23:27:31.589 +05:30  DBG  Successfully processed template {controller=Home}/{action=Index}/{id?} for Route: {controller=Home}/{action=Index}/{id?} resulting in /Restaurant/Login and 
2022-11-22 23:27:31.589 +05:30  DBG  Link generation succeeded for endpoints ["Route: {controller=Home}/{action=Index}/{id?}"] with result /Restaurant/Login
2022-11-22 23:27:31.590 +05:30  DBG  Found the endpoints ["Route: {controller=Home}/{action=Index}/{id?}"] for address Microsoft.AspNetCore.Routing.RouteValuesAddress
2022-11-22 23:27:31.590 +05:30  DBG  Successfully processed template {controller=Home}/{action=Index}/{id?} for Route: {controller=Home}/{action=Index}/{id?} resulting in /Restaurant/CreateAccount and 
2022-11-22 23:27:31.590 +05:30  DBG  Link generation succeeded for endpoints ["Route: {controller=Home}/{action=Index}/{id?}"] with result /Restaurant/CreateAccount
2022-11-22 23:27:31.590 +05:30  DBG  Found the endpoints ["Route: {controller=Home}/{action=Index}/{id?}"] for address Microsoft.AspNetCore.Routing.RouteValuesAddress
2022-11-22 23:27:31.590 +05:30  DBG  Successfully processed template {controller=Home}/{action=Index}/{id?} for Route: {controller=Home}/{action=Index}/{id?} resulting in /Home/Privacy and 
2022-11-22 23:27:31.590 +05:30  DBG  Link generation succeeded for endpoints ["Route: {controller=Home}/{action=Index}/{id?}"] with result /Home/Privacy
2022-11-22 23:27:31.597 +05:30  INF  Executed ViewResult - view DisplayOrders executed in 15.5603ms.
2022-11-22 23:27:31.598 +05:30  INF  Executed action RestaurantSideApplication.Controllers.RestaurantController.DisplayOrders (RestaurantSideApplication) in 35.8198ms
2022-11-22 23:27:31.598 +05:30  INF  Executed endpoint 'RestaurantSideApplication.Controllers.RestaurantController.DisplayOrders (RestaurantSideApplication)'
2022-11-22 23:27:31.599 +05:30  DBG  Response markup is scheduled to include browser refresh script injection.
2022-11-22 23:27:31.599 +05:30  DBG  Response markup was updated to include browser refresh script injection.
2022-11-22 23:27:31.599 +05:30  INF  Request finished HTTP/2 GET https://localhost:7225/Restaurant/DisplayOrders - - - 200 - text/html;+charset=utf-8 41.7734ms
2022-11-22 23:27:31.625 +05:30  INF  Request starting HTTP/2 GET https://localhost:7225/_vs/browserLink - -
2022-11-22 23:27:31.627 +05:30  INF  Request starting HTTP/2 GET https://localhost:7225/_framework/aspnetcore-browser-refresh.js - -
2022-11-22 23:27:31.627 +05:30  INF  Request finished HTTP/2 GET https://localhost:7225/_framework/aspnetcore-browser-refresh.js - - - 200 12020 application/javascript;+charset=utf-8 0.2035ms
2022-11-22 23:27:31.633 +05:30  INF  Request finished HTTP/2 GET https://localhost:7225/_vs/browserLink - - - 200 - text/javascript;+charset=UTF-8 7.5723ms
2022-11-22 23:27:34.605 +05:30  INF  Request starting HTTP/2 GET https://localhost:7225/Restaurant/Login - -
2022-11-22 23:27:34.607 +05:30  DBG  The request path /Restaurant/Login does not match a supported file type
2022-11-22 23:27:34.607 +05:30  DBG  1 candidate(s) found for the request path '/Restaurant/Login'
2022-11-22 23:27:34.607 +05:30  DBG  Endpoint 'RestaurantSideApplication.Controllers.RestaurantController.Login (RestaurantSideApplication)' with route pattern '{controller=Home}/{action=Index}/{id?}' is valid for the request path '/Restaurant/Login'
2022-11-22 23:27:34.607 +05:30  DBG  Request matched endpoint 'RestaurantSideApplication.Controllers.RestaurantController.Login (RestaurantSideApplication)'
2022-11-22 23:27:34.608 +05:30  INF  Executing endpoint 'RestaurantSideApplication.Controllers.RestaurantController.Login (RestaurantSideApplication)'
2022-11-22 23:27:34.608 +05:30  INF  Route matched with {action = "Login", controller = "Restaurant"}. Executing controller action with signature Microsoft.AspNetCore.Mvc.IActionResult Login() on controller RestaurantSideApplication.Controllers.RestaurantController (RestaurantSideApplication).
2022-11-22 23:27:34.608 +05:30  DBG  Execution plan of authorization filters (in the following order): ["None"]
2022-11-22 23:27:34.608 +05:30  DBG  Execution plan of resource filters (in the following order): ["Microsoft.AspNetCore.Mvc.ViewFeatures.Filters.SaveTempDataFilter"]
2022-11-22 23:27:34.608 +05:30  DBG  Execution plan of action filters (in the following order): ["Microsoft.AspNetCore.Mvc.Filters.ControllerActionFilter (Order: -2147483648)","Microsoft.AspNetCore.Mvc.ModelBinding.UnsupportedContentTypeFilter (Order: -3000)"]
2022-11-22 23:27:34.608 +05:30  DBG  Execution plan of exception filters (in the following order): ["None"]
2022-11-22 23:27:34.608 +05:30  DBG  Execution plan of result filters (in the following order): ["Microsoft.AspNetCore.Mvc.ViewFeatures.Filters.SaveTempDataFilter"]
2022-11-22 23:27:34.608 +05:30  DBG  Executing controller factory for controller RestaurantSideApplication.Controllers.RestaurantController (RestaurantSideApplication)
2022-11-22 23:27:34.617 +05:30  DBG  Executed controller factory for controller RestaurantSideApplication.Controllers.RestaurantController (RestaurantSideApplication)
2022-11-22 23:27:34.617 +05:30  INF  Login Triggered
2022-11-22 23:27:34.617 +05:30  DBG  View lookup cache hit for view 'Login' in controller 'Restaurant'.
2022-11-22 23:27:34.617 +05:30  INF  Executing ViewResult, running view Login.
2022-11-22 23:27:34.617 +05:30  DBG  The view path '/Views/Restaurant/Login.cshtml' was found in 0.1213ms.
2022-11-22 23:27:34.619 +05:30  DBG  An antiforgery cookie token was reused.
2022-11-22 23:27:34.620 +05:30  DBG  View lookup cache hit for view '_Layout' in controller 'Restaurant'.
2022-11-22 23:27:34.621 +05:30  DBG  Found the endpoints ["Route: {controller=Home}/{action=Index}/{id?}"] for address Microsoft.AspNetCore.Routing.RouteValuesAddress
2022-11-22 23:27:34.621 +05:30  DBG  Successfully processed template {controller=Home}/{action=Index}/{id?} for Route: {controller=Home}/{action=Index}/{id?} resulting in  and 
2022-11-22 23:27:34.621 +05:30  DBG  Link generation succeeded for endpoints ["Route: {controller=Home}/{action=Index}/{id?}"] with result /
2022-11-22 23:27:34.621 +05:30  DBG  Found the endpoints ["Route: {controller=Home}/{action=Index}/{id?}"] for address Microsoft.AspNetCore.Routing.RouteValuesAddress
2022-11-22 23:27:34.621 +05:30  DBG  Successfully processed template {controller=Home}/{action=Index}/{id?} for Route: {controller=Home}/{action=Index}/{id?} resulting in /Restaurant/Login and 
2022-11-22 23:27:34.621 +05:30  DBG  Link generation succeeded for endpoints ["Route: {controller=Home}/{action=Index}/{id?}"] with result /Restaurant/Login
2022-11-22 23:27:34.621 +05:30  DBG  Found the endpoints ["Route: {controller=Home}/{action=Index}/{id?}"] for address Microsoft.AspNetCore.Routing.RouteValuesAddress
2022-11-22 23:27:34.621 +05:30  DBG  Successfully processed template {controller=Home}/{action=Index}/{id?} for Route: {controller=Home}/{action=Index}/{id?} resulting in /Restaurant/CreateAccount and 
2022-11-22 23:27:34.621 +05:30  DBG  Link generation succeeded for endpoints ["Route: {controller=Home}/{action=Index}/{id?}"] with result /Restaurant/CreateAccount
2022-11-22 23:27:34.621 +05:30  DBG  Found the endpoints ["Route: {controller=Home}/{action=Index}/{id?}"] for address Microsoft.AspNetCore.Routing.RouteValuesAddress
2022-11-22 23:27:34.621 +05:30  DBG  Successfully processed template {controller=Home}/{action=Index}/{id?} for Route: {controller=Home}/{action=Index}/{id?} resulting in /Home/Privacy and 
2022-11-22 23:27:34.621 +05:30  DBG  Link generation succeeded for endpoints ["Route: {controller=Home}/{action=Index}/{id?}"] with result /Home/Privacy
2022-11-22 23:27:34.629 +05:30  INF  Executed ViewResult - view Login executed in 11.8648ms.
2022-11-22 23:27:34.629 +05:30  INF  Executed action RestaurantSideApplication.Controllers.RestaurantController.Login (RestaurantSideApplication) in 20.9865ms
2022-11-22 23:27:34.629 +05:30  INF  Executed endpoint 'RestaurantSideApplication.Controllers.RestaurantController.Login (RestaurantSideApplication)'
2022-11-22 23:27:34.629 +05:30  DBG  Session loaded; Key:3647f5bd-249d-55b2-eab5-2a58632f5bd6, Id:a913bc4c-6e2b-0198-c138-74744ce0b333, Count:2
2022-11-22 23:27:34.631 +05:30  DBG  Response markup is scheduled to include browser refresh script injection.
2022-11-22 23:27:34.631 +05:30  DBG  Response markup was updated to include browser refresh script injection.
2022-11-22 23:27:34.631 +05:30  INF  Request finished HTTP/2 GET https://localhost:7225/Restaurant/Login - - - 200 - text/html;+charset=utf-8 26.5573ms
2022-11-22 23:27:34.664 +05:30  INF  Request starting HTTP/2 GET https://localhost:7225/_vs/browserLink - -
2022-11-22 23:27:34.665 +05:30  INF  Request starting HTTP/2 GET https://localhost:7225/_framework/aspnetcore-browser-refresh.js - -
2022-11-22 23:27:34.666 +05:30  INF  Request finished HTTP/2 GET https://localhost:7225/_framework/aspnetcore-browser-refresh.js - - - 200 12020 application/javascript;+charset=utf-8 0.1530ms
2022-11-22 23:27:34.675 +05:30  INF  Request finished HTTP/2 GET https://localhost:7225/_vs/browserLink - - - 200 - text/javascript;+charset=UTF-8 10.8578ms
2022-11-22 23:28:21.640 +05:30  DBG  Connection id "0HMMCMBVO5B1R" received FIN.
