2022-11-23 02:00:52.821 +05:30  DBG  Connection id "0HMMCMBVO5B1R" is closing.
2022-11-23 02:00:52.830 +05:30  DBG  Connection id "0HMMCMBVO5B1R" is closed. The last processed stream ID was 25.
2022-11-23 02:00:53.009 +05:30  DBG  Connection id "0HMMCMBVO5B1R" sending FIN because: "The client closed the connection."
2022-11-23 02:00:53.012 +05:30  DBG  Connection id "0HMMCMBVO5B1R" stopped.
2022-11-23 11:07:40.891 +05:30  DBG  Connection id "0HMMCMBVO5B1S" received FIN.
2022-11-23 11:07:40.891 +05:30  DBG  Connection id "0HMMCMBVO5B1S" accepted.
2022-11-23 11:07:40.895 +05:30  DBG  Connection id "0HMMCMBVO5B1S" started.
2022-11-23 11:07:40.895 +05:30  DBG  Failed to authenticate HTTPS connection.System.IO.IOException:  Received an unexpected EOF or 0 bytes from the transport stream.
   at System.Net.Security.SslStream.ReceiveBlobAsync[TIOAdapter](TIOAdapter adapter)
   at System.Net.Security.SslStream.ForceAuthenticationAsync[TIOAdapter](TIOAdapter adapter, Boolean receiveFirst, Byte[] reAuthenticationData, Boolean isApm)
   at Microsoft.AspNetCore.Server.Kestrel.Https.Internal.HttpsConnectionMiddleware.OnConnectionAsync(ConnectionContext context)

2022-11-23 11:07:40.896 +05:30  DBG  Connection id "0HMMCMBVO5B1S" stopped.
2022-11-23 11:07:40.896 +05:30  DBG  Connection id "0HMMCMBVO5B1S" sending FIN because: "The Socket transport's send loop completed gracefully."
2022-11-23 11:07:42.127 +05:30  DBG  Connection id "0HMMCMBVO5B1T" accepted.
2022-11-23 11:07:42.129 +05:30  DBG  Connection id "0HMMCMBVO5B1T" started.
2022-11-23 11:07:42.231 +05:30  DBG  Connection 0HMMCMBVO5B1T established using the following protocol: "Tls13"
2022-11-23 11:07:42.243 +05:30  INF  Request starting HTTP/2 GET https://localhost:7225/ - -
2022-11-23 11:07:42.245 +05:30  DBG  The request path / does not match a supported file type
2022-11-23 11:07:42.245 +05:30  DBG  1 candidate(s) found for the request path '/'
2022-11-23 11:07:42.245 +05:30  DBG  Endpoint 'RestaurantSideApplication.Controllers.HomeController.Index (RestaurantSideApplication)' with route pattern '{controller=Home}/{action=Index}/{id?}' is valid for the request path '/'
2022-11-23 11:07:42.245 +05:30  DBG  Request matched endpoint 'RestaurantSideApplication.Controllers.HomeController.Index (RestaurantSideApplication)'
2022-11-23 11:07:42.245 +05:30  INF  Executing endpoint 'RestaurantSideApplication.Controllers.HomeController.Index (RestaurantSideApplication)'
2022-11-23 11:07:42.245 +05:30  INF  Route matched with {action = "Index", controller = "Home"}. Executing controller action with signature Microsoft.AspNetCore.Mvc.IActionResult Index() on controller RestaurantSideApplication.Controllers.HomeController (RestaurantSideApplication).
2022-11-23 11:07:42.246 +05:30  DBG  Execution plan of authorization filters (in the following order): ["None"]
2022-11-23 11:07:42.246 +05:30  DBG  Execution plan of resource filters (in the following order): ["Microsoft.AspNetCore.Mvc.ViewFeatures.Filters.SaveTempDataFilter"]
2022-11-23 11:07:42.246 +05:30  DBG  Execution plan of action filters (in the following order): ["Microsoft.AspNetCore.Mvc.Filters.ControllerActionFilter (Order: -2147483648)","Microsoft.AspNetCore.Mvc.ModelBinding.UnsupportedContentTypeFilter (Order: -3000)"]
2022-11-23 11:07:42.246 +05:30  DBG  Execution plan of exception filters (in the following order): ["None"]
2022-11-23 11:07:42.246 +05:30  DBG  Execution plan of result filters (in the following order): ["Microsoft.AspNetCore.Mvc.ViewFeatures.Filters.SaveTempDataFilter"]
2022-11-23 11:07:42.246 +05:30  DBG  Executing controller factory for controller RestaurantSideApplication.Controllers.HomeController (RestaurantSideApplication)
2022-11-23 11:07:42.246 +05:30  DBG  Executed controller factory for controller RestaurantSideApplication.Controllers.HomeController (RestaurantSideApplication)
2022-11-23 11:07:42.246 +05:30  DBG  View lookup cache miss for view 'Index' in controller 'Home'.
2022-11-23 11:07:42.247 +05:30  INF  Executing ViewResult, running view Index.
2022-11-23 11:07:42.247 +05:30  DBG  The view path '/Views/Home/Index.cshtml' was found in 1.2189ms.
2022-11-23 11:07:42.247 +05:30  DBG  View lookup cache miss for view '_Layout' in controller 'Home'.
2022-11-23 11:07:42.248 +05:30  DBG  Found the endpoints ["Route: {controller=Home}/{action=Index}/{id?}"] for address Microsoft.AspNetCore.Routing.RouteValuesAddress
2022-11-23 11:07:42.248 +05:30  DBG  Successfully processed template {controller=Home}/{action=Index}/{id?} for Route: {controller=Home}/{action=Index}/{id?} resulting in  and 
2022-11-23 11:07:42.248 +05:30  DBG  Link generation succeeded for endpoints ["Route: {controller=Home}/{action=Index}/{id?}"] with result /
2022-11-23 11:07:42.248 +05:30  DBG  Found the endpoints ["Route: {controller=Home}/{action=Index}/{id?}"] for address Microsoft.AspNetCore.Routing.RouteValuesAddress
2022-11-23 11:07:42.248 +05:30  DBG  Successfully processed template {controller=Home}/{action=Index}/{id?} for Route: {controller=Home}/{action=Index}/{id?} resulting in /Restaurant/Login and 
2022-11-23 11:07:42.248 +05:30  DBG  Link generation succeeded for endpoints ["Route: {controller=Home}/{action=Index}/{id?}"] with result /Restaurant/Login
2022-11-23 11:07:42.248 +05:30  DBG  Found the endpoints ["Route: {controller=Home}/{action=Index}/{id?}"] for address Microsoft.AspNetCore.Routing.RouteValuesAddress
2022-11-23 11:07:42.248 +05:30  DBG  Successfully processed template {controller=Home}/{action=Index}/{id?} for Route: {controller=Home}/{action=Index}/{id?} resulting in /Restaurant/CreateAccount and 
2022-11-23 11:07:42.248 +05:30  DBG  Link generation succeeded for endpoints ["Route: {controller=Home}/{action=Index}/{id?}"] with result /Restaurant/CreateAccount
2022-11-23 11:07:42.248 +05:30  DBG  Found the endpoints ["Route: {controller=Home}/{action=Index}/{id?}"] for address Microsoft.AspNetCore.Routing.RouteValuesAddress
2022-11-23 11:07:42.248 +05:30  DBG  Successfully processed template {controller=Home}/{action=Index}/{id?} for Route: {controller=Home}/{action=Index}/{id?} resulting in /Home/Privacy and 
2022-11-23 11:07:42.248 +05:30  DBG  Link generation succeeded for endpoints ["Route: {controller=Home}/{action=Index}/{id?}"] with result /Home/Privacy
2022-11-23 11:07:42.260 +05:30  INF  Executed ViewResult - view Index executed in 13.8848ms.
2022-11-23 11:07:42.260 +05:30  INF  Executed action RestaurantSideApplication.Controllers.HomeController.Index (RestaurantSideApplication) in 14.2685ms
2022-11-23 11:07:42.260 +05:30  INF  Executed endpoint 'RestaurantSideApplication.Controllers.HomeController.Index (RestaurantSideApplication)'
2022-11-23 11:07:42.261 +05:30  DBG  Response markup is scheduled to include browser refresh script injection.
2022-11-23 11:07:42.261 +05:30  DBG  Response markup was updated to include browser refresh script injection.
2022-11-23 11:07:42.261 +05:30  INF  Request finished HTTP/2 GET https://localhost:7225/ - - - 200 - text/html;+charset=utf-8 18.4905ms
2022-11-23 11:07:42.308 +05:30  INF  Request starting HTTP/2 GET https://localhost:7225/_framework/aspnetcore-browser-refresh.js - -
2022-11-23 11:07:42.308 +05:30  INF  Request finished HTTP/2 GET https://localhost:7225/_framework/aspnetcore-browser-refresh.js - - - 200 12020 application/javascript;+charset=utf-8 0.4152ms
2022-11-23 11:07:42.308 +05:30  INF  Request starting HTTP/2 GET https://localhost:7225/_vs/browserLink - -
2022-11-23 11:07:42.357 +05:30  INF  Request finished HTTP/2 GET https://localhost:7225/_vs/browserLink - - - 200 - text/javascript;+charset=UTF-8 48.2155ms
2022-11-23 11:07:49.799 +05:30  INF  Request starting HTTP/2 GET https://localhost:7225/Restaurant/Login - -
2022-11-23 11:07:49.800 +05:30  DBG  The request path /Restaurant/Login does not match a supported file type
2022-11-23 11:07:49.800 +05:30  DBG  1 candidate(s) found for the request path '/Restaurant/Login'
2022-11-23 11:07:49.800 +05:30  DBG  Endpoint 'RestaurantSideApplication.Controllers.RestaurantController.Login (RestaurantSideApplication)' with route pattern '{controller=Home}/{action=Index}/{id?}' is valid for the request path '/Restaurant/Login'
2022-11-23 11:07:49.800 +05:30  DBG  Request matched endpoint 'RestaurantSideApplication.Controllers.RestaurantController.Login (RestaurantSideApplication)'
2022-11-23 11:07:49.800 +05:30  INF  Executing endpoint 'RestaurantSideApplication.Controllers.RestaurantController.Login (RestaurantSideApplication)'
2022-11-23 11:07:49.800 +05:30  INF  Route matched with {action = "Login", controller = "Restaurant"}. Executing controller action with signature Microsoft.AspNetCore.Mvc.IActionResult Login() on controller RestaurantSideApplication.Controllers.RestaurantController (RestaurantSideApplication).
2022-11-23 11:07:49.801 +05:30  DBG  Execution plan of authorization filters (in the following order): ["None"]
2022-11-23 11:07:49.801 +05:30  DBG  Execution plan of resource filters (in the following order): ["Microsoft.AspNetCore.Mvc.ViewFeatures.Filters.SaveTempDataFilter"]
2022-11-23 11:07:49.801 +05:30  DBG  Execution plan of action filters (in the following order): ["Microsoft.AspNetCore.Mvc.Filters.ControllerActionFilter (Order: -2147483648)","Microsoft.AspNetCore.Mvc.ModelBinding.UnsupportedContentTypeFilter (Order: -3000)"]
2022-11-23 11:07:49.801 +05:30  DBG  Execution plan of exception filters (in the following order): ["None"]
2022-11-23 11:07:49.801 +05:30  DBG  Execution plan of result filters (in the following order): ["Microsoft.AspNetCore.Mvc.ViewFeatures.Filters.SaveTempDataFilter"]
2022-11-23 11:07:49.801 +05:30  DBG  Executing controller factory for controller RestaurantSideApplication.Controllers.RestaurantController (RestaurantSideApplication)
2022-11-23 11:07:49.811 +05:30  DBG  Executed controller factory for controller RestaurantSideApplication.Controllers.RestaurantController (RestaurantSideApplication)
2022-11-23 11:07:49.811 +05:30  INF  Login Triggered
2022-11-23 11:07:49.811 +05:30  DBG  View lookup cache miss for view 'Login' in controller 'Restaurant'.
2022-11-23 11:07:49.812 +05:30  INF  Executing ViewResult, running view Login.
2022-11-23 11:07:49.812 +05:30  DBG  The view path '/Views/Restaurant/Login.cshtml' was found in 0.6592ms.
2022-11-23 11:07:49.813 +05:30  DBG  A new antiforgery cookie token was created.
2022-11-23 11:07:49.813 +05:30  DBG  View lookup cache miss for view '_Layout' in controller 'Restaurant'.
2022-11-23 11:07:49.814 +05:30  DBG  Found the endpoints ["Route: {controller=Home}/{action=Index}/{id?}"] for address Microsoft.AspNetCore.Routing.RouteValuesAddress
2022-11-23 11:07:49.814 +05:30  DBG  Successfully processed template {controller=Home}/{action=Index}/{id?} for Route: {controller=Home}/{action=Index}/{id?} resulting in  and 
2022-11-23 11:07:49.814 +05:30  DBG  Link generation succeeded for endpoints ["Route: {controller=Home}/{action=Index}/{id?}"] with result /
2022-11-23 11:07:49.814 +05:30  DBG  Found the endpoints ["Route: {controller=Home}/{action=Index}/{id?}"] for address Microsoft.AspNetCore.Routing.RouteValuesAddress
2022-11-23 11:07:49.814 +05:30  DBG  Successfully processed template {controller=Home}/{action=Index}/{id?} for Route: {controller=Home}/{action=Index}/{id?} resulting in /Restaurant/Login and 
2022-11-23 11:07:49.814 +05:30  DBG  Link generation succeeded for endpoints ["Route: {controller=Home}/{action=Index}/{id?}"] with result /Restaurant/Login
2022-11-23 11:07:49.814 +05:30  DBG  Found the endpoints ["Route: {controller=Home}/{action=Index}/{id?}"] for address Microsoft.AspNetCore.Routing.RouteValuesAddress
2022-11-23 11:07:49.814 +05:30  DBG  Successfully processed template {controller=Home}/{action=Index}/{id?} for Route: {controller=Home}/{action=Index}/{id?} resulting in /Restaurant/CreateAccount and 
2022-11-23 11:07:49.814 +05:30  DBG  Link generation succeeded for endpoints ["Route: {controller=Home}/{action=Index}/{id?}"] with result /Restaurant/CreateAccount
2022-11-23 11:07:49.814 +05:30  DBG  Found the endpoints ["Route: {controller=Home}/{action=Index}/{id?}"] for address Microsoft.AspNetCore.Routing.RouteValuesAddress
2022-11-23 11:07:49.814 +05:30  DBG  Successfully processed template {controller=Home}/{action=Index}/{id?} for Route: {controller=Home}/{action=Index}/{id?} resulting in /Home/Privacy and 
2022-11-23 11:07:49.814 +05:30  DBG  Link generation succeeded for endpoints ["Route: {controller=Home}/{action=Index}/{id?}"] with result /Home/Privacy
2022-11-23 11:07:49.822 +05:30  INF  Executed ViewResult - view Login executed in 10.6069ms.
2022-11-23 11:07:49.822 +05:30  INF  Executed action RestaurantSideApplication.Controllers.RestaurantController.Login (RestaurantSideApplication) in 21.3546ms
2022-11-23 11:07:49.822 +05:30  INF  Executed endpoint 'RestaurantSideApplication.Controllers.RestaurantController.Login (RestaurantSideApplication)'
2022-11-23 11:07:49.823 +05:30  DBG  Response markup is scheduled to include browser refresh script injection.
2022-11-23 11:07:49.823 +05:30  DBG  Response markup was updated to include browser refresh script injection.
2022-11-23 11:07:49.823 +05:30  INF  Request finished HTTP/2 GET https://localhost:7225/Restaurant/Login - - - 200 - text/html;+charset=utf-8 24.3030ms
2022-11-23 11:07:49.861 +05:30  INF  Request starting HTTP/2 GET https://localhost:7225/_vs/browserLink - -
2022-11-23 11:07:49.863 +05:30  INF  Request starting HTTP/2 GET https://localhost:7225/_framework/aspnetcore-browser-refresh.js - -
2022-11-23 11:07:49.863 +05:30  INF  Request finished HTTP/2 GET https://localhost:7225/_framework/aspnetcore-browser-refresh.js - - - 200 12020 application/javascript;+charset=utf-8 0.3117ms
2022-11-23 11:07:49.872 +05:30  INF  Request finished HTTP/2 GET https://localhost:7225/_vs/browserLink - - - 200 - text/javascript;+charset=UTF-8 10.5120ms
2022-11-23 11:10:02.110 +05:30  DBG  Connection id "0HMMCMBVO5B1T" is closing.
2022-11-23 11:10:02.110 +05:30  DBG  Connection id "0HMMCMBVO5B1T" is closed. The last processed stream ID was 11.
2022-11-23 11:10:02.111 +05:30  DBG  Connection id "0HMMCMBVO5B1T" received FIN.
2022-11-23 11:10:02.111 +05:30  DBG  Connection id "0HMMCMBVO5B1T" sending FIN because: "The client closed the connection."
2022-11-23 11:10:02.114 +05:30  DBG  Connection id "0HMMCMBVO5B1T" stopped.
2022-11-23 11:12:29.870 +05:30  DBG  Connection id "0HMMCMBVO5B1U" accepted.
2022-11-23 11:12:29.870 +05:30  DBG  Connection id "0HMMCMBVO5B1U" started.
2022-11-23 11:12:29.873 +05:30  DBG  Connection 0HMMCMBVO5B1U established using the following protocol: "Tls13"
2022-11-23 11:12:29.907 +05:30  INF  Request starting HTTP/2 GET https://localhost:7225/_framework/aspnetcore-browser-refresh.js - -
2022-11-23 11:12:29.907 +05:30  INF  Request finished HTTP/2 GET https://localhost:7225/_framework/aspnetcore-browser-refresh.js - - - 200 12020 application/javascript;+charset=utf-8 0.2506ms
2022-11-23 11:14:42.043 +05:30  DBG  Connection id "0HMMCMBVO5B1U" is closing.
2022-11-23 11:14:42.043 +05:30  DBG  Connection id "0HMMCMBVO5B1U" is closed. The last processed stream ID was 1.
2022-11-23 11:14:42.045 +05:30  DBG  Connection id "0HMMCMBVO5B1U" received FIN.
2022-11-23 11:14:42.045 +05:30  DBG  Connection id "0HMMCMBVO5B1U" stopped.
2022-11-23 11:14:42.045 +05:30  DBG  Connection id "0HMMCMBVO5B1U" sending FIN because: "The Socket transport's send loop completed gracefully."
